2026-06-23T12:35:10+0530 [CRITICAL] [dms.app] 
============================================================
STARTUP FAILURE — Cannot connect to Database
============================================================
DATABASE_URL : mysql+pymysql://***:***@localhost:3306/test_manager
Error        : (pymysql.err.OperationalError) (2003, "Can't connect to MySQL server on 'localhost' (timed out)")
(Background on this error at: https://sqlalche.me/e/20/e3q8)

Checklist:
  1. Is MySQL/PostgreSQL running?  ->  services.msc / docker ps
  2. Does the database exist?  ->  CREATE DATABASE test_manager;
  3. Are credentials correct in .env?
  4. Is DATABASE_URL using standard/pymysql format?
     Correct  : mysql+pymysql://user:pass@host:3306/dbname
     Incorrect: mysql+aiomysql://...  (async -- not supported in sync app)
============================================================
2026-06-23T12:36:46+0530 [CRITICAL] [dms.app] 
============================================================
STARTUP FAILURE — Cannot connect to Database
============================================================
DATABASE_URL : mysql+pymysql://***:***@localhost:3306/test_manager
Error        : (pymysql.err.OperationalError) (1049, "Unknown database 'test_manager'")
(Background on this error at: https://sqlalche.me/e/20/e3q8)

Checklist:
  1. Is MySQL/PostgreSQL running?  ->  services.msc / docker ps
  2. Does the database exist?  ->  CREATE DATABASE test_manager;
  3. Are credentials correct in .env?
  4. Is DATABASE_URL using standard/pymysql format?
     Correct  : mysql+pymysql://user:pass@host:3306/dbname
     Incorrect: mysql+aiomysql://...  (async -- not supported in sync app)
============================================================
2026-06-23T12:42:48+0530 [ERROR   ] [dms.database] Schema provisioning failed: (pymysql.err.ProgrammingError) (1064, "You have an error in your SQL syntax; check the manual that corresponds to your MySQL server version for the right syntax to use near 'UUID NOT NULL COMMENT 'Unique user identifier', \n\tusername VARCHAR(50) NOT NULL ' at line 2")
[SQL: 
CREATE TABLE users (
	id UUID NOT NULL COMMENT 'Unique user identifier', 
	username VARCHAR(50) NOT NULL COMMENT 'Login username', 
	password_hash VARCHAR(255) NOT NULL COMMENT 'Werkzeug hashed password', 
	is_active BOOL NOT NULL COMMENT 'Whether the user account is active', 
	is_admin BOOL NOT NULL COMMENT 'Whether the user has admin privileges', 
	created_at DATETIME NOT NULL COMMENT 'Record creation timestamp', 
	updated_at DATETIME NOT NULL COMMENT 'Record last update timestamp', 
	PRIMARY KEY (id)
)

]
(Background on this error at: https://sqlalche.me/e/20/f405)
Traceback (most recent call last):
  File "C:\Users\Aratek\AppData\Roaming\Python\Python311\site-packages\sqlalchemy\engine\base.py", line 1969, in _exec_single_context
    self.dialect.do_execute(
  File "C:\Users\Aratek\AppData\Roaming\Python\Python311\site-packages\sqlalchemy\engine\default.py", line 952, in do_execute
    cursor.execute(statement, parameters)
  File "C:\Users\Aratek\AppData\Roaming\Python\Python311\site-packages\pymysql\cursors.py", line 159, in execute
    result = self._query(query)
             ^^^^^^^^^^^^^^^^^^
  File "C:\Users\Aratek\AppData\Roaming\Python\Python311\site-packages\pymysql\cursors.py", line 330, in _query
    conn.query(q)
  File "C:\Users\Aratek\AppData\Roaming\Python\Python311\site-packages\pymysql\connections.py", line 582, in query
    self._affected_rows = self._read_query_result(unbuffered=unbuffered)
                          ^^^^^^^^^^^^^^^^^^^^^^^^^^^^^^^^^^^^^^^^^^^^^^
  File "C:\Users\Aratek\AppData\Roaming\Python\Python311\site-packages\pymysql\connections.py", line 847, in _read_query_result
    result.read()
  File "C:\Users\Aratek\AppData\Roaming\Python\Python311\site-packages\pymysql\connections.py", line 1245, in read
    first_packet = self.connection._read_packet()
                   ^^^^^^^^^^^^^^^^^^^^^^^^^^^^^^
  File "C:\Users\Aratek\AppData\Roaming\Python\Python311\site-packages\pymysql\connections.py", line 803, in _read_packet
    packet.raise_for_error()
  File "C:\Users\Aratek\AppData\Roaming\Python\Python311\site-packages\pymysql\protocol.py", line 219, in raise_for_error
    err.raise_mysql_exception(self._data)
  File "C:\Users\Aratek\AppData\Roaming\Python\Python311\site-packages\pymysql\err.py", line 154, in raise_mysql_exception
    raise errorclass(errno, errval, sqlstate=sqlstate)
pymysql.err.ProgrammingError: (1064, "You have an error in your SQL syntax; check the manual that corresponds to your MySQL server version for the right syntax to use near 'UUID NOT NULL COMMENT 'Unique user identifier', \n\tusername VARCHAR(50) NOT NULL ' at line 2")

The above exception was the direct cause of the following exception:

Traceback (most recent call last):
  File "D:\production_test_tool\server\database.py", line 108, in create_tables
    Base.metadata.create_all(bind=_engine)
  File "C:\Users\Aratek\AppData\Roaming\Python\Python311\site-packages\sqlalchemy\sql\schema.py", line 5930, in create_all
    bind._run_ddl_visitor(
  File "C:\Users\Aratek\AppData\Roaming\Python\Python311\site-packages\sqlalchemy\engine\base.py", line 3270, in _run_ddl_visitor
    conn._run_ddl_visitor(visitorcallable, element, **kwargs)
  File "C:\Users\Aratek\AppData\Roaming\Python\Python311\site-packages\sqlalchemy\engine\base.py", line 2469, in _run_ddl_visitor
    ).traverse_single(element)
      ^^^^^^^^^^^^^^^^^^^^^^^^
  File "C:\Users\Aratek\AppData\Roaming\Python\Python311\site-packages\sqlalchemy\sql\visitors.py", line 661, in traverse_single
    return meth(obj, **kw)
           ^^^^^^^^^^^^^^^
  File "C:\Users\Aratek\AppData\Roaming\Python\Python311\site-packages\sqlalchemy\sql\ddl.py", line 985, in visit_metadata
    self.traverse_single(
  File "C:\Users\Aratek\AppData\Roaming\Python\Python311\site-packages\sqlalchemy\sql\visitors.py", line 661, in traverse_single
    return meth(obj, **kw)
           ^^^^^^^^^^^^^^^
  File "C:\Users\Aratek\AppData\Roaming\Python\Python311\site-packages\sqlalchemy\sql\ddl.py", line 1023, in visit_table
    )._invoke_with(self.connection)
      ^^^^^^^^^^^^^^^^^^^^^^^^^^^^^
  File "C:\Users\Aratek\AppData\Roaming\Python\Python311\site-packages\sqlalchemy\sql\ddl.py", line 322, in _invoke_with
    return bind.execute(self)
           ^^^^^^^^^^^^^^^^^^
  File "C:\Users\Aratek\AppData\Roaming\Python\Python311\site-packages\sqlalchemy\engine\base.py", line 1421, in execute
    return meth(
           ^^^^^
  File "C:\Users\Aratek\AppData\Roaming\Python\Python311\site-packages\sqlalchemy\sql\ddl.py", line 188, in _execute_on_connection
    return connection._execute_ddl(
           ^^^^^^^^^^^^^^^^^^^^^^^^
  File "C:\Users\Aratek\AppData\Roaming\Python\Python311\site-packages\sqlalchemy\engine\base.py", line 1532, in _execute_ddl
    ret = self._execute_context(
          ^^^^^^^^^^^^^^^^^^^^^^
  File "C:\Users\Aratek\AppData\Roaming\Python\Python311\site-packages\sqlalchemy\engine\base.py", line 1848, in _execute_context
    return self._exec_single_context(
           ^^^^^^^^^^^^^^^^^^^^^^^^^^
  File "C:\Users\Aratek\AppData\Roaming\Python\Python311\site-packages\sqlalchemy\engine\base.py", line 1988, in _exec_single_context
    self._handle_dbapi_exception(
  File "C:\Users\Aratek\AppData\Roaming\Python\Python311\site-packages\sqlalchemy\engine\base.py", line 2365, in _handle_dbapi_exception
    raise sqlalchemy_exception.with_traceback(exc_info[2]) from e
  File "C:\Users\Aratek\AppData\Roaming\Python\Python311\site-packages\sqlalchemy\engine\base.py", line 1969, in _exec_single_context
    self.dialect.do_execute(
  File "C:\Users\Aratek\AppData\Roaming\Python\Python311\site-packages\sqlalchemy\engine\default.py", line 952, in do_execute
    cursor.execute(statement, parameters)
  File "C:\Users\Aratek\AppData\Roaming\Python\Python311\site-packages\pymysql\cursors.py", line 159, in execute
    result = self._query(query)
             ^^^^^^^^^^^^^^^^^^
  File "C:\Users\Aratek\AppData\Roaming\Python\Python311\site-packages\pymysql\cursors.py", line 330, in _query
    conn.query(q)
  File "C:\Users\Aratek\AppData\Roaming\Python\Python311\site-packages\pymysql\connections.py", line 582, in query
    self._affected_rows = self._read_query_result(unbuffered=unbuffered)
                          ^^^^^^^^^^^^^^^^^^^^^^^^^^^^^^^^^^^^^^^^^^^^^^
  File "C:\Users\Aratek\AppData\Roaming\Python\Python311\site-packages\pymysql\connections.py", line 847, in _read_query_result
    result.read()
  File "C:\Users\Aratek\AppData\Roaming\Python\Python311\site-packages\pymysql\connections.py", line 1245, in read
    first_packet = self.connection._read_packet()
                   ^^^^^^^^^^^^^^^^^^^^^^^^^^^^^^
  File "C:\Users\Aratek\AppData\Roaming\Python\Python311\site-packages\pymysql\connections.py", line 803, in _read_packet
    packet.raise_for_error()
  File "C:\Users\Aratek\AppData\Roaming\Python\Python311\site-packages\pymysql\protocol.py", line 219, in raise_for_error
    err.raise_mysql_exception(self._data)
  File "C:\Users\Aratek\AppData\Roaming\Python\Python311\site-packages\pymysql\err.py", line 154, in raise_mysql_exception
    raise errorclass(errno, errval, sqlstate=sqlstate)
sqlalchemy.exc.ProgrammingError: (pymysql.err.ProgrammingError) (1064, "You have an error in your SQL syntax; check the manual that corresponds to your MySQL server version for the right syntax to use near 'UUID NOT NULL COMMENT 'Unique user identifier', \n\tusername VARCHAR(50) NOT NULL ' at line 2")
[SQL: 
CREATE TABLE users (
	id UUID NOT NULL COMMENT 'Unique user identifier', 
	username VARCHAR(50) NOT NULL COMMENT 'Login username', 
	password_hash VARCHAR(255) NOT NULL COMMENT 'Werkzeug hashed password', 
	is_active BOOL NOT NULL COMMENT 'Whether the user account is active', 
	is_admin BOOL NOT NULL COMMENT 'Whether the user has admin privileges', 
	created_at DATETIME NOT NULL COMMENT 'Record creation timestamp', 
	updated_at DATETIME NOT NULL COMMENT 'Record last update timestamp', 
	PRIMARY KEY (id)
)

]
(Background on this error at: https://sqlalche.me/e/20/f405)
2026-06-23T12:42:48+0530 [CRITICAL] [dms.app] Schema provisioning failed: (pymysql.err.ProgrammingError) (1064, "You have an error in your SQL syntax; check the manual that corresponds to your MySQL server version for the right syntax to use near 'UUID NOT NULL COMMENT 'Unique user identifier', \n\tusername VARCHAR(50) NOT NULL ' at line 2")
[SQL: 
CREATE TABLE users (
	id UUID NOT NULL COMMENT 'Unique user identifier', 
	username VARCHAR(50) NOT NULL COMMENT 'Login username', 
	password_hash VARCHAR(255) NOT NULL COMMENT 'Werkzeug hashed password', 
	is_active BOOL NOT NULL COMMENT 'Whether the user account is active', 
	is_admin BOOL NOT NULL COMMENT 'Whether the user has admin privileges', 
	created_at DATETIME NOT NULL COMMENT 'Record creation timestamp', 
	updated_at DATETIME NOT NULL COMMENT 'Record last update timestamp', 
	PRIMARY KEY (id)
)

]
(Background on this error at: https://sqlalche.me/e/20/f405). Server cannot start.
Traceback (most recent call last):
  File "C:\Users\Aratek\AppData\Roaming\Python\Python311\site-packages\sqlalchemy\engine\base.py", line 1969, in _exec_single_context
    self.dialect.do_execute(
  File "C:\Users\Aratek\AppData\Roaming\Python\Python311\site-packages\sqlalchemy\engine\default.py", line 952, in do_execute
    cursor.execute(statement, parameters)
  File "C:\Users\Aratek\AppData\Roaming\Python\Python311\site-packages\pymysql\cursors.py", line 159, in execute
    result = self._query(query)
             ^^^^^^^^^^^^^^^^^^
  File "C:\Users\Aratek\AppData\Roaming\Python\Python311\site-packages\pymysql\cursors.py", line 330, in _query
    conn.query(q)
  File "C:\Users\Aratek\AppData\Roaming\Python\Python311\site-packages\pymysql\connections.py", line 582, in query
    self._affected_rows = self._read_query_result(unbuffered=unbuffered)
                          ^^^^^^^^^^^^^^^^^^^^^^^^^^^^^^^^^^^^^^^^^^^^^^
  File "C:\Users\Aratek\AppData\Roaming\Python\Python311\site-packages\pymysql\connections.py", line 847, in _read_query_result
    result.read()
  File "C:\Users\Aratek\AppData\Roaming\Python\Python311\site-packages\pymysql\connections.py", line 1245, in read
    first_packet = self.connection._read_packet()
                   ^^^^^^^^^^^^^^^^^^^^^^^^^^^^^^
  File "C:\Users\Aratek\AppData\Roaming\Python\Python311\site-packages\pymysql\connections.py", line 803, in _read_packet
    packet.raise_for_error()
  File "C:\Users\Aratek\AppData\Roaming\Python\Python311\site-packages\pymysql\protocol.py", line 219, in raise_for_error
    err.raise_mysql_exception(self._data)
  File "C:\Users\Aratek\AppData\Roaming\Python\Python311\site-packages\pymysql\err.py", line 154, in raise_mysql_exception
    raise errorclass(errno, errval, sqlstate=sqlstate)
pymysql.err.ProgrammingError: (1064, "You have an error in your SQL syntax; check the manual that corresponds to your MySQL server version for the right syntax to use near 'UUID NOT NULL COMMENT 'Unique user identifier', \n\tusername VARCHAR(50) NOT NULL ' at line 2")

The above exception was the direct cause of the following exception:

Traceback (most recent call last):
  File "D:\production_test_tool\server\app.py", line 306, in <module>
    create_tables()
  File "D:\production_test_tool\server\database.py", line 108, in create_tables
    Base.metadata.create_all(bind=_engine)
  File "C:\Users\Aratek\AppData\Roaming\Python\Python311\site-packages\sqlalchemy\sql\schema.py", line 5930, in create_all
    bind._run_ddl_visitor(
  File "C:\Users\Aratek\AppData\Roaming\Python\Python311\site-packages\sqlalchemy\engine\base.py", line 3270, in _run_ddl_visitor
    conn._run_ddl_visitor(visitorcallable, element, **kwargs)
  File "C:\Users\Aratek\AppData\Roaming\Python\Python311\site-packages\sqlalchemy\engine\base.py", line 2469, in _run_ddl_visitor
    ).traverse_single(element)
      ^^^^^^^^^^^^^^^^^^^^^^^^
  File "C:\Users\Aratek\AppData\Roaming\Python\Python311\site-packages\sqlalchemy\sql\visitors.py", line 661, in traverse_single
    return meth(obj, **kw)
           ^^^^^^^^^^^^^^^
  File "C:\Users\Aratek\AppData\Roaming\Python\Python311\site-packages\sqlalchemy\sql\ddl.py", line 985, in visit_metadata
    self.traverse_single(
  File "C:\Users\Aratek\AppData\Roaming\Python\Python311\site-packages\sqlalchemy\sql\visitors.py", line 661, in traverse_single
    return meth(obj, **kw)
           ^^^^^^^^^^^^^^^
  File "C:\Users\Aratek\AppData\Roaming\Python\Python311\site-packages\sqlalchemy\sql\ddl.py", line 1023, in visit_table
    )._invoke_with(self.connection)
      ^^^^^^^^^^^^^^^^^^^^^^^^^^^^^
  File "C:\Users\Aratek\AppData\Roaming\Python\Python311\site-packages\sqlalchemy\sql\ddl.py", line 322, in _invoke_with
    return bind.execute(self)
           ^^^^^^^^^^^^^^^^^^
  File "C:\Users\Aratek\AppData\Roaming\Python\Python311\site-packages\sqlalchemy\engine\base.py", line 1421, in execute
    return meth(
           ^^^^^
  File "C:\Users\Aratek\AppData\Roaming\Python\Python311\site-packages\sqlalchemy\sql\ddl.py", line 188, in _execute_on_connection
    return connection._execute_ddl(
           ^^^^^^^^^^^^^^^^^^^^^^^^
  File "C:\Users\Aratek\AppData\Roaming\Python\Python311\site-packages\sqlalchemy\engine\base.py", line 1532, in _execute_ddl
    ret = self._execute_context(
          ^^^^^^^^^^^^^^^^^^^^^^
  File "C:\Users\Aratek\AppData\Roaming\Python\Python311\site-packages\sqlalchemy\engine\base.py", line 1848, in _execute_context
    return self._exec_single_context(
           ^^^^^^^^^^^^^^^^^^^^^^^^^^
  File "C:\Users\Aratek\AppData\Roaming\Python\Python311\site-packages\sqlalchemy\engine\base.py", line 1988, in _exec_single_context
    self._handle_dbapi_exception(
  File "C:\Users\Aratek\AppData\Roaming\Python\Python311\site-packages\sqlalchemy\engine\base.py", line 2365, in _handle_dbapi_exception
    raise sqlalchemy_exception.with_traceback(exc_info[2]) from e
  File "C:\Users\Aratek\AppData\Roaming\Python\Python311\site-packages\sqlalchemy\engine\base.py", line 1969, in _exec_single_context
    self.dialect.do_execute(
  File "C:\Users\Aratek\AppData\Roaming\Python\Python311\site-packages\sqlalchemy\engine\default.py", line 952, in do_execute
    cursor.execute(statement, parameters)
  File "C:\Users\Aratek\AppData\Roaming\Python\Python311\site-packages\pymysql\cursors.py", line 159, in execute
    result = self._query(query)
             ^^^^^^^^^^^^^^^^^^
  File "C:\Users\Aratek\AppData\Roaming\Python\Python311\site-packages\pymysql\cursors.py", line 330, in _query
    conn.query(q)
  File "C:\Users\Aratek\AppData\Roaming\Python\Python311\site-packages\pymysql\connections.py", line 582, in query
    self._affected_rows = self._read_query_result(unbuffered=unbuffered)
                          ^^^^^^^^^^^^^^^^^^^^^^^^^^^^^^^^^^^^^^^^^^^^^^
  File "C:\Users\Aratek\AppData\Roaming\Python\Python311\site-packages\pymysql\connections.py", line 847, in _read_query_result
    result.read()
  File "C:\Users\Aratek\AppData\Roaming\Python\Python311\site-packages\pymysql\connections.py", line 1245, in read
    first_packet = self.connection._read_packet()
                   ^^^^^^^^^^^^^^^^^^^^^^^^^^^^^^
  File "C:\Users\Aratek\AppData\Roaming\Python\Python311\site-packages\pymysql\connections.py", line 803, in _read_packet
    packet.raise_for_error()
  File "C:\Users\Aratek\AppData\Roaming\Python\Python311\site-packages\pymysql\protocol.py", line 219, in raise_for_error
    err.raise_mysql_exception(self._data)
  File "C:\Users\Aratek\AppData\Roaming\Python\Python311\site-packages\pymysql\err.py", line 154, in raise_mysql_exception
    raise errorclass(errno, errval, sqlstate=sqlstate)
sqlalchemy.exc.ProgrammingError: (pymysql.err.ProgrammingError) (1064, "You have an error in your SQL syntax; check the manual that corresponds to your MySQL server version for the right syntax to use near 'UUID NOT NULL COMMENT 'Unique user identifier', \n\tusername VARCHAR(50) NOT NULL ' at line 2")
[SQL: 
CREATE TABLE users (
	id UUID NOT NULL COMMENT 'Unique user identifier', 
	username VARCHAR(50) NOT NULL COMMENT 'Login username', 
	password_hash VARCHAR(255) NOT NULL COMMENT 'Werkzeug hashed password', 
	is_active BOOL NOT NULL COMMENT 'Whether the user account is active', 
	is_admin BOOL NOT NULL COMMENT 'Whether the user has admin privileges', 
	created_at DATETIME NOT NULL COMMENT 'Record creation timestamp', 
	updated_at DATETIME NOT NULL COMMENT 'Record last update timestamp', 
	PRIMARY KEY (id)
)

]
(Background on this error at: https://sqlalche.me/e/20/f405)
2026-06-23T12:48:36+0530 [CRITICAL] [dms.app] 
============================================================
STARTUP FAILURE — Cannot connect to Database
============================================================
DATABASE_URL : mysql+pymysql://***:***@localhost:3306/aradata
Error        : (pymysql.err.OperationalError) (2003, "Can't connect to MySQL server on 'localhost' (timed out)")
(Background on this error at: https://sqlalche.me/e/20/e3q8)

Checklist:
  1. Is MySQL/PostgreSQL running?  ->  services.msc / docker ps
  2. Does the database exist?  ->  CREATE DATABASE test_manager;
  3. Are credentials correct in .env?
  4. Is DATABASE_URL using standard/pymysql format?
     Correct  : mysql+pymysql://user:pass@host:3306/dbname
     Incorrect: mysql+aiomysql://...  (async -- not supported in sync app)
============================================================
