2026-06-18T13:26:45+0530 [INFO] [app] [10868:MainThread] Logging infrastructure successfully initialized.
2026-06-18T14:01:38+0530 [INFO] [app] [17508:MainThread] Logging infrastructure successfully initialized.
2026-06-18T14:01:38+0530 [INFO] [app.server.connections] [17508:MainThread] Test Connection Event
2026-06-18T14:01:38+0530 [ERROR] [app.some_module] [17508:MainThread] Test System Error
2026-06-18T14:20:33+0530 [INFO] [app] [916:MainThread] Logging infrastructure successfully initialized.
2026-06-18T14:20:33+0530 [INFO] [app] [916:MainThread] Asynchronous TCP Server successfully initialized and listening on 0.0.0.0:5000
2026-06-18T14:24:33+0530 [INFO] [app.server.connections] [916:MainThread] Client connected from 127.0.0.1:53045
2026-06-18T14:24:33+0530 [INFO] [app.server.connections] [916:MainThread] Client 127.0.0.1:53045 disconnected (EOF received)
2026-06-18T14:24:33+0530 [INFO] [app.server.connections] [916:MainThread] Socket closed successfully for 127.0.0.1:53045
2026-06-18T14:29:43+0530 [INFO] [app] [916:MainThread] Graceful shutdown initiated. Stopping TCP listener...
2026-06-18T14:29:43+0530 [INFO] [app] [916:MainThread] TCP Listener stopped (no longer accepting new client sockets).
2026-06-18T14:29:43+0530 [INFO] [app] [916:MainThread] Graceful shutdown complete. Server terminated.
2026-06-18T14:42:07+0530 [INFO] [app] [20424:MainThread] Logging infrastructure successfully initialized.
2026-06-18T14:42:07+0530 [INFO] [app] [20424:MainThread] Asynchronous TCP Server successfully initialized and listening on 0.0.0.0:5000
2026-06-18T14:42:19+0530 [INFO] [app.server.connections] [20424:MainThread] Client connected from 127.0.0.1:53298
2026-06-18T14:42:19+0530 [INFO] [app.server.connections] [20424:MainThread] Client 127.0.0.1:53298 disconnected (EOF received)
2026-06-18T14:42:19+0530 [INFO] [app.server.connections] [20424:MainThread] Socket closed successfully for 127.0.0.1:53298
2026-06-18T15:03:28+0530 [INFO] [app] [20424:MainThread] Graceful shutdown initiated. Stopping TCP listener...
2026-06-18T15:03:28+0530 [INFO] [app] [20424:MainThread] TCP Listener stopped (no longer accepting new client sockets).
2026-06-18T15:03:28+0530 [INFO] [app] [20424:MainThread] Graceful shutdown complete. Server terminated.
2026-06-18T15:26:53+0530 [INFO] [app] [9776:MainThread] Logging infrastructure successfully initialized.
2026-06-18T15:26:53+0530 [INFO] [app] [9776:MainThread] Initializing database connection engine...
2026-06-18T15:26:53+0530 [ERROR] [app] [9776:MainThread] Failed to initialize database engine: No module named 'asyncpg'
Traceback (most recent call last):
  File "D:\production_test_tool\app\database\connection.py", line 29, in initialize
    self._engine = create_async_engine(
                   ^^^^^^^^^^^^^^^^^^^^
  File "C:\Users\Aratek\AppData\Roaming\Python\Python311\site-packages\sqlalchemy\ext\asyncio\engine.py", line 120, in create_async_engine
    sync_engine = _create_engine(url, **kw)
                  ^^^^^^^^^^^^^^^^^^^^^^^^^
  File "<string>", line 2, in create_engine
  File "C:\Users\Aratek\AppData\Roaming\Python\Python311\site-packages\sqlalchemy\util\deprecations.py", line 281, in warned
    return fn(*args, **kwargs)  # type: ignore[no-any-return]
           ^^^^^^^^^^^^^^^^^^^
  File "C:\Users\Aratek\AppData\Roaming\Python\Python311\site-packages\sqlalchemy\engine\create.py", line 617, in create_engine
    dbapi = dbapi_meth(**dbapi_args)
            ^^^^^^^^^^^^^^^^^^^^^^^^
  File "C:\Users\Aratek\AppData\Roaming\Python\Python311\site-packages\sqlalchemy\dialects\postgresql\asyncpg.py", line 1098, in import_dbapi
    return AsyncAdapt_asyncpg_dbapi(__import__("asyncpg"))
                                    ^^^^^^^^^^^^^^^^^^^^^
ModuleNotFoundError: No module named 'asyncpg'
2026-06-18T15:27:14+0530 [INFO] [app] [4232:MainThread] Logging infrastructure successfully initialized.
2026-06-18T15:27:14+0530 [INFO] [app] [4232:MainThread] Initializing database connection engine...
2026-06-18T15:27:14+0530 [ERROR] [app] [4232:MainThread] Failed to initialize database engine: No module named 'asyncpg'
Traceback (most recent call last):
  File "d:\production_test_tool\app\database\connection.py", line 29, in initialize
    self._engine = create_async_engine(
                   ^^^^^^^^^^^^^^^^^^^^
  File "C:\Users\Aratek\AppData\Roaming\Python\Python311\site-packages\sqlalchemy\ext\asyncio\engine.py", line 120, in create_async_engine
    sync_engine = _create_engine(url, **kw)
                  ^^^^^^^^^^^^^^^^^^^^^^^^^
  File "<string>", line 2, in create_engine
  File "C:\Users\Aratek\AppData\Roaming\Python\Python311\site-packages\sqlalchemy\util\deprecations.py", line 281, in warned
    return fn(*args, **kwargs)  # type: ignore[no-any-return]
           ^^^^^^^^^^^^^^^^^^^
  File "C:\Users\Aratek\AppData\Roaming\Python\Python311\site-packages\sqlalchemy\engine\create.py", line 617, in create_engine
    dbapi = dbapi_meth(**dbapi_args)
            ^^^^^^^^^^^^^^^^^^^^^^^^
  File "C:\Users\Aratek\AppData\Roaming\Python\Python311\site-packages\sqlalchemy\dialects\postgresql\asyncpg.py", line 1098, in import_dbapi
    return AsyncAdapt_asyncpg_dbapi(__import__("asyncpg"))
                                    ^^^^^^^^^^^^^^^^^^^^^
ModuleNotFoundError: No module named 'asyncpg'
2026-06-18T15:31:46+0530 [INFO] [app] [13744:MainThread] Logging infrastructure successfully initialized.
2026-06-18T15:31:46+0530 [INFO] [app] [13744:MainThread] Initializing database connection engine...
2026-06-18T15:31:46+0530 [INFO] [app] [13744:MainThread] Database connection engine successfully initialized.
2026-06-18T15:31:46+0530 [INFO] [app] [13744:MainThread] Asynchronous TCP Server successfully initialized and listening on 0.0.0.0:5000
2026-06-18T15:34:33+0530 [INFO] [app.server.connections] [13744:MainThread] Client connected from 127.0.0.1:54240
2026-06-18T15:34:33+0530 [WARNING] [app] [13744:MainThread] Validation failed for request from 127.0.0.1:54240: ['serial_number: Field required', 'operator: Field required', 'machine: Field required', 'firmware: Field required', 'execution_time: Field required', 'timestamp: Field required']
2026-06-18T15:34:33+0530 [INFO] [app.server.connections] [13744:MainThread] Client 127.0.0.1:54240 disconnected (EOF received)
2026-06-18T15:34:33+0530 [INFO] [app.server.connections] [13744:MainThread] Socket closed successfully for 127.0.0.1:54240
2026-06-18T15:36:30+0530 [INFO] [app.server.connections] [13744:MainThread] Client connected from 127.0.0.1:54250
2026-06-18T15:36:34+0530 [ERROR] [app] [13744:MainThread] Unhandled database error occurred: [WinError 1225] The remote computer refused the network connection
Traceback (most recent call last):
  File "D:\production_test_tool\app\services\test_result_service.py", line 70, in process_raw_test_result
    existing_record = await repository.get_by_serial_number(validated_data.serial_number)
                      ^^^^^^^^^^^^^^^^^^^^^^^^^^^^^^^^^^^^^^^^^^^^^^^^^^^^^^^^^^^^^^^^^^^
  File "D:\production_test_tool\app\repositories\test_result_repository.py", line 64, in get_by_serial_number
    result = await self.session.execute(stmt)
             ^^^^^^^^^^^^^^^^^^^^^^^^^^^^^^^^
  File "C:\Users\Aratek\AppData\Roaming\Python\Python311\site-packages\sqlalchemy\ext\asyncio\session.py", line 448, in execute
    result = await greenlet_spawn(
             ^^^^^^^^^^^^^^^^^^^^^
  File "C:\Users\Aratek\AppData\Roaming\Python\Python311\site-packages\sqlalchemy\util\_concurrency_py3k.py", line 201, in greenlet_spawn
    result = context.throw(*sys.exc_info())
             ^^^^^^^^^^^^^^^^^^^^^^^^^^^^^^
  File "C:\Users\Aratek\AppData\Roaming\Python\Python311\site-packages\sqlalchemy\orm\session.py", line 2372, in execute
    return self._execute_internal(
           ^^^^^^^^^^^^^^^^^^^^^^^
  File "C:\Users\Aratek\AppData\Roaming\Python\Python311\site-packages\sqlalchemy\orm\session.py", line 2260, in _execute_internal
    conn = self._connection_for_bind(bind)
           ^^^^^^^^^^^^^^^^^^^^^^^^^^^^^^^
  File "C:\Users\Aratek\AppData\Roaming\Python\Python311\site-packages\sqlalchemy\orm\session.py", line 2112, in _connection_for_bind
    return trans._connection_for_bind(engine, execution_options)
           ^^^^^^^^^^^^^^^^^^^^^^^^^^^^^^^^^^^^^^^^^^^^^^^^^^^^^
  File "<string>", line 2, in _connection_for_bind
  File "C:\Users\Aratek\AppData\Roaming\Python\Python311\site-packages\sqlalchemy\orm\state_changes.py", line 137, in _go
    ret_value = fn(self, *arg, **kw)
                ^^^^^^^^^^^^^^^^^^^^
  File "C:\Users\Aratek\AppData\Roaming\Python\Python311\site-packages\sqlalchemy\orm\session.py", line 1191, in _connection_for_bind
    conn = bind.connect()
           ^^^^^^^^^^^^^^
  File "C:\Users\Aratek\AppData\Roaming\Python\Python311\site-packages\sqlalchemy\engine\base.py", line 3295, in connect
    return self._connection_cls(self)
           ^^^^^^^^^^^^^^^^^^^^^^^^^^
  File "C:\Users\Aratek\AppData\Roaming\Python\Python311\site-packages\sqlalchemy\engine\base.py", line 144, in __init__
    self._dbapi_connection = engine.raw_connection()
                             ^^^^^^^^^^^^^^^^^^^^^^^
  File "C:\Users\Aratek\AppData\Roaming\Python\Python311\site-packages\sqlalchemy\engine\base.py", line 3319, in raw_connection
    return self.pool.connect()
           ^^^^^^^^^^^^^^^^^^^
  File "C:\Users\Aratek\AppData\Roaming\Python\Python311\site-packages\sqlalchemy\pool\base.py", line 448, in connect
    return _ConnectionFairy._checkout(self)
           ^^^^^^^^^^^^^^^^^^^^^^^^^^^^^^^^
  File "C:\Users\Aratek\AppData\Roaming\Python\Python311\site-packages\sqlalchemy\pool\base.py", line 1272, in _checkout
    fairy = _ConnectionRecord.checkout(pool)
            ^^^^^^^^^^^^^^^^^^^^^^^^^^^^^^^^
  File "C:\Users\Aratek\AppData\Roaming\Python\Python311\site-packages\sqlalchemy\pool\base.py", line 712, in checkout
    rec = pool._do_get()
          ^^^^^^^^^^^^^^
  File "C:\Users\Aratek\AppData\Roaming\Python\Python311\site-packages\sqlalchemy\pool\impl.py", line 178, in _do_get
    with util.safe_reraise():
  File "C:\Users\Aratek\AppData\Roaming\Python\Python311\site-packages\sqlalchemy\util\langhelpers.py", line 122, in __exit__
    raise exc_value.with_traceback(exc_tb)
  File "C:\Users\Aratek\AppData\Roaming\Python\Python311\site-packages\sqlalchemy\pool\impl.py", line 176, in _do_get
    return self._create_connection()
           ^^^^^^^^^^^^^^^^^^^^^^^^^
  File "C:\Users\Aratek\AppData\Roaming\Python\Python311\site-packages\sqlalchemy\pool\base.py", line 389, in _create_connection
    return _ConnectionRecord(self)
           ^^^^^^^^^^^^^^^^^^^^^^^
  File "C:\Users\Aratek\AppData\Roaming\Python\Python311\site-packages\sqlalchemy\pool\base.py", line 674, in __init__
    self.__connect()
  File "C:\Users\Aratek\AppData\Roaming\Python\Python311\site-packages\sqlalchemy\pool\base.py", line 900, in __connect
    with util.safe_reraise():
  File "C:\Users\Aratek\AppData\Roaming\Python\Python311\site-packages\sqlalchemy\util\langhelpers.py", line 122, in __exit__
    raise exc_value.with_traceback(exc_tb)
  File "C:\Users\Aratek\AppData\Roaming\Python\Python311\site-packages\sqlalchemy\pool\base.py", line 896, in __connect
    self.dbapi_connection = connection = pool._invoke_creator(self)
                                         ^^^^^^^^^^^^^^^^^^^^^^^^^^
  File "C:\Users\Aratek\AppData\Roaming\Python\Python311\site-packages\sqlalchemy\engine\create.py", line 667, in connect
    return dialect.connect(*cargs_tup, **cparams)
           ^^^^^^^^^^^^^^^^^^^^^^^^^^^^^^^^^^^^^^
  File "C:\Users\Aratek\AppData\Roaming\Python\Python311\site-packages\sqlalchemy\engine\default.py", line 630, in connect
    return self.loaded_dbapi.connect(*cargs, **cparams)  # type: ignore[no-any-return]  # NOQA: E501
           ^^^^^^^^^^^^^^^^^^^^^^^^^^^^^^^^^^^^^^^^^^^^
  File "C:\Users\Aratek\AppData\Roaming\Python\Python311\site-packages\sqlalchemy\dialects\postgresql\asyncpg.py", line 955, in connect
    await_only(creator_fn(*arg, **kw)),
    ^^^^^^^^^^^^^^^^^^^^^^^^^^^^^^^^^^
  File "C:\Users\Aratek\AppData\Roaming\Python\Python311\site-packages\sqlalchemy\util\_concurrency_py3k.py", line 132, in await_only
    return current.parent.switch(awaitable)  # type: ignore[no-any-return,attr-defined] # noqa: E501
           ^^^^^^^^^^^^^^^^^^^^^^^^^^^^^^^^
  File "C:\Users\Aratek\AppData\Roaming\Python\Python311\site-packages\sqlalchemy\util\_concurrency_py3k.py", line 196, in greenlet_spawn
    value = await result
            ^^^^^^^^^^^^
  File "C:\Users\Aratek\AppData\Roaming\Python\Python311\site-packages\asyncpg\connection.py", line 2443, in connect
    return await connect_utils._connect(
           ^^^^^^^^^^^^^^^^^^^^^^^^^^^^^
  File "C:\Users\Aratek\AppData\Roaming\Python\Python311\site-packages\asyncpg\connect_utils.py", line 1249, in _connect
    raise last_error or exceptions.TargetServerAttributeNotMatched(
  File "C:\Users\Aratek\AppData\Roaming\Python\Python311\site-packages\asyncpg\connect_utils.py", line 1218, in _connect
    conn = await _connect_addr(
           ^^^^^^^^^^^^^^^^^^^^
  File "C:\Users\Aratek\AppData\Roaming\Python\Python311\site-packages\asyncpg\connect_utils.py", line 1054, in _connect_addr
    return await __connect_addr(params, True, *args)
           ^^^^^^^^^^^^^^^^^^^^^^^^^^^^^^^^^^^^^^^^^
  File "C:\Users\Aratek\AppData\Roaming\Python\Python311\site-packages\asyncpg\connect_utils.py", line 1099, in __connect_addr
    tr, pr = await connector
             ^^^^^^^^^^^^^^^
  File "C:\Users\Aratek\AppData\Roaming\Python\Python311\site-packages\asyncpg\connect_utils.py", line 969, in _create_ssl_connection
    tr, pr = await loop.create_connection(
             ^^^^^^^^^^^^^^^^^^^^^^^^^^^^^
  File "C:\Program Files\Python311\Lib\asyncio\base_events.py", line 1091, in create_connection
    raise exceptions[0]
  File "C:\Program Files\Python311\Lib\asyncio\base_events.py", line 1070, in create_connection
    sock = await self._connect_sock(
           ^^^^^^^^^^^^^^^^^^^^^^^^^
  File "C:\Program Files\Python311\Lib\asyncio\base_events.py", line 974, in _connect_sock
    await self.sock_connect(sock, address)
  File "C:\Program Files\Python311\Lib\asyncio\proactor_events.py", line 726, in sock_connect
    return await self._proactor.connect(sock, address)
           ^^^^^^^^^^^^^^^^^^^^^^^^^^^^^^^^^^^^^^^^^^^
  File "C:\Program Files\Python311\Lib\asyncio\windows_events.py", line 854, in _poll
    value = callback(transferred, key, ov)
            ^^^^^^^^^^^^^^^^^^^^^^^^^^^^^^
  File "C:\Program Files\Python311\Lib\asyncio\windows_events.py", line 641, in finish_connect
    ov.getresult()
ConnectionRefusedError: [WinError 1225] The remote computer refused the network connection
2026-06-18T15:36:35+0530 [INFO] [app.server.connections] [13744:MainThread] Client 127.0.0.1:54250 disconnected (EOF received)
2026-06-18T15:36:35+0530 [INFO] [app.server.connections] [13744:MainThread] Socket closed successfully for 127.0.0.1:54250
2026-06-18T15:36:55+0530 [INFO] [app] [13744:MainThread] Graceful shutdown initiated. Stopping TCP listener...
2026-06-18T15:36:55+0530 [INFO] [app] [13744:MainThread] TCP Listener stopped (no longer accepting new client sockets).
2026-06-18T15:36:55+0530 [INFO] [app] [13744:MainThread] Graceful shutdown complete. Server terminated.
2026-06-18T15:36:55+0530 [INFO] [app] [13744:MainThread] Disposing database connection pool...
2026-06-18T15:36:55+0530 [INFO] [app] [13744:MainThread] Database connection pool successfully disposed.
2026-06-18T15:37:02+0530 [INFO] [app] [21676:MainThread] Logging infrastructure successfully initialized.
2026-06-18T15:37:02+0530 [INFO] [app] [21676:MainThread] Initializing database connection engine...
2026-06-18T15:37:02+0530 [INFO] [app] [21676:MainThread] Database connection engine successfully initialized.
2026-06-18T15:37:02+0530 [INFO] [app] [21676:MainThread] Asynchronous TCP Server successfully initialized and listening on 0.0.0.0:5000
2026-06-18T15:37:08+0530 [INFO] [app.server.connections] [21676:MainThread] Client connected from 127.0.0.1:54284
2026-06-18T15:37:12+0530 [ERROR] [app] [21676:MainThread] Unhandled database error occurred: [WinError 1225] The remote computer refused the network connection
Traceback (most recent call last):
  File "D:\production_test_tool\app\services\test_result_service.py", line 70, in process_raw_test_result
    existing_record = await repository.get_by_serial_number(validated_data.serial_number)
                      ^^^^^^^^^^^^^^^^^^^^^^^^^^^^^^^^^^^^^^^^^^^^^^^^^^^^^^^^^^^^^^^^^^^
  File "D:\production_test_tool\app\repositories\test_result_repository.py", line 64, in get_by_serial_number
    result = await self.session.execute(stmt)
             ^^^^^^^^^^^^^^^^^^^^^^^^^^^^^^^^
  File "C:\Users\Aratek\AppData\Roaming\Python\Python311\site-packages\sqlalchemy\ext\asyncio\session.py", line 448, in execute
    result = await greenlet_spawn(
             ^^^^^^^^^^^^^^^^^^^^^
  File "C:\Users\Aratek\AppData\Roaming\Python\Python311\site-packages\sqlalchemy\util\_concurrency_py3k.py", line 201, in greenlet_spawn
    result = context.throw(*sys.exc_info())
             ^^^^^^^^^^^^^^^^^^^^^^^^^^^^^^
  File "C:\Users\Aratek\AppData\Roaming\Python\Python311\site-packages\sqlalchemy\orm\session.py", line 2372, in execute
    return self._execute_internal(
           ^^^^^^^^^^^^^^^^^^^^^^^
  File "C:\Users\Aratek\AppData\Roaming\Python\Python311\site-packages\sqlalchemy\orm\session.py", line 2260, in _execute_internal
    conn = self._connection_for_bind(bind)
           ^^^^^^^^^^^^^^^^^^^^^^^^^^^^^^^
  File "C:\Users\Aratek\AppData\Roaming\Python\Python311\site-packages\sqlalchemy\orm\session.py", line 2112, in _connection_for_bind
    return trans._connection_for_bind(engine, execution_options)
           ^^^^^^^^^^^^^^^^^^^^^^^^^^^^^^^^^^^^^^^^^^^^^^^^^^^^^
  File "<string>", line 2, in _connection_for_bind
  File "C:\Users\Aratek\AppData\Roaming\Python\Python311\site-packages\sqlalchemy\orm\state_changes.py", line 137, in _go
    ret_value = fn(self, *arg, **kw)
                ^^^^^^^^^^^^^^^^^^^^
  File "C:\Users\Aratek\AppData\Roaming\Python\Python311\site-packages\sqlalchemy\orm\session.py", line 1191, in _connection_for_bind
    conn = bind.connect()
           ^^^^^^^^^^^^^^
  File "C:\Users\Aratek\AppData\Roaming\Python\Python311\site-packages\sqlalchemy\engine\base.py", line 3295, in connect
    return self._connection_cls(self)
           ^^^^^^^^^^^^^^^^^^^^^^^^^^
  File "C:\Users\Aratek\AppData\Roaming\Python\Python311\site-packages\sqlalchemy\engine\base.py", line 144, in __init__
    self._dbapi_connection = engine.raw_connection()
                             ^^^^^^^^^^^^^^^^^^^^^^^
  File "C:\Users\Aratek\AppData\Roaming\Python\Python311\site-packages\sqlalchemy\engine\base.py", line 3319, in raw_connection
    return self.pool.connect()
           ^^^^^^^^^^^^^^^^^^^
  File "C:\Users\Aratek\AppData\Roaming\Python\Python311\site-packages\sqlalchemy\pool\base.py", line 448, in connect
    return _ConnectionFairy._checkout(self)
           ^^^^^^^^^^^^^^^^^^^^^^^^^^^^^^^^
  File "C:\Users\Aratek\AppData\Roaming\Python\Python311\site-packages\sqlalchemy\pool\base.py", line 1272, in _checkout
    fairy = _ConnectionRecord.checkout(pool)
            ^^^^^^^^^^^^^^^^^^^^^^^^^^^^^^^^
  File "C:\Users\Aratek\AppData\Roaming\Python\Python311\site-packages\sqlalchemy\pool\base.py", line 712, in checkout
    rec = pool._do_get()
          ^^^^^^^^^^^^^^
  File "C:\Users\Aratek\AppData\Roaming\Python\Python311\site-packages\sqlalchemy\pool\impl.py", line 178, in _do_get
    with util.safe_reraise():
  File "C:\Users\Aratek\AppData\Roaming\Python\Python311\site-packages\sqlalchemy\util\langhelpers.py", line 122, in __exit__
    raise exc_value.with_traceback(exc_tb)
  File "C:\Users\Aratek\AppData\Roaming\Python\Python311\site-packages\sqlalchemy\pool\impl.py", line 176, in _do_get
    return self._create_connection()
           ^^^^^^^^^^^^^^^^^^^^^^^^^
  File "C:\Users\Aratek\AppData\Roaming\Python\Python311\site-packages\sqlalchemy\pool\base.py", line 389, in _create_connection
    return _ConnectionRecord(self)
           ^^^^^^^^^^^^^^^^^^^^^^^
  File "C:\Users\Aratek\AppData\Roaming\Python\Python311\site-packages\sqlalchemy\pool\base.py", line 674, in __init__
    self.__connect()
  File "C:\Users\Aratek\AppData\Roaming\Python\Python311\site-packages\sqlalchemy\pool\base.py", line 900, in __connect
    with util.safe_reraise():
  File "C:\Users\Aratek\AppData\Roaming\Python\Python311\site-packages\sqlalchemy\util\langhelpers.py", line 122, in __exit__
    raise exc_value.with_traceback(exc_tb)
  File "C:\Users\Aratek\AppData\Roaming\Python\Python311\site-packages\sqlalchemy\pool\base.py", line 896, in __connect
    self.dbapi_connection = connection = pool._invoke_creator(self)
                                         ^^^^^^^^^^^^^^^^^^^^^^^^^^
  File "C:\Users\Aratek\AppData\Roaming\Python\Python311\site-packages\sqlalchemy\engine\create.py", line 667, in connect
    return dialect.connect(*cargs_tup, **cparams)
           ^^^^^^^^^^^^^^^^^^^^^^^^^^^^^^^^^^^^^^
  File "C:\Users\Aratek\AppData\Roaming\Python\Python311\site-packages\sqlalchemy\engine\default.py", line 630, in connect
    return self.loaded_dbapi.connect(*cargs, **cparams)  # type: ignore[no-any-return]  # NOQA: E501
           ^^^^^^^^^^^^^^^^^^^^^^^^^^^^^^^^^^^^^^^^^^^^
  File "C:\Users\Aratek\AppData\Roaming\Python\Python311\site-packages\sqlalchemy\dialects\postgresql\asyncpg.py", line 955, in connect
    await_only(creator_fn(*arg, **kw)),
    ^^^^^^^^^^^^^^^^^^^^^^^^^^^^^^^^^^
  File "C:\Users\Aratek\AppData\Roaming\Python\Python311\site-packages\sqlalchemy\util\_concurrency_py3k.py", line 132, in await_only
    return current.parent.switch(awaitable)  # type: ignore[no-any-return,attr-defined] # noqa: E501
           ^^^^^^^^^^^^^^^^^^^^^^^^^^^^^^^^
  File "C:\Users\Aratek\AppData\Roaming\Python\Python311\site-packages\sqlalchemy\util\_concurrency_py3k.py", line 196, in greenlet_spawn
    value = await result
            ^^^^^^^^^^^^
  File "C:\Users\Aratek\AppData\Roaming\Python\Python311\site-packages\asyncpg\connection.py", line 2443, in connect
    return await connect_utils._connect(
           ^^^^^^^^^^^^^^^^^^^^^^^^^^^^^
  File "C:\Users\Aratek\AppData\Roaming\Python\Python311\site-packages\asyncpg\connect_utils.py", line 1249, in _connect
    raise last_error or exceptions.TargetServerAttributeNotMatched(
  File "C:\Users\Aratek\AppData\Roaming\Python\Python311\site-packages\asyncpg\connect_utils.py", line 1218, in _connect
    conn = await _connect_addr(
           ^^^^^^^^^^^^^^^^^^^^
  File "C:\Users\Aratek\AppData\Roaming\Python\Python311\site-packages\asyncpg\connect_utils.py", line 1054, in _connect_addr
    return await __connect_addr(params, True, *args)
           ^^^^^^^^^^^^^^^^^^^^^^^^^^^^^^^^^^^^^^^^^
  File "C:\Users\Aratek\AppData\Roaming\Python\Python311\site-packages\asyncpg\connect_utils.py", line 1099, in __connect_addr
    tr, pr = await connector
             ^^^^^^^^^^^^^^^
  File "C:\Users\Aratek\AppData\Roaming\Python\Python311\site-packages\asyncpg\connect_utils.py", line 969, in _create_ssl_connection
    tr, pr = await loop.create_connection(
             ^^^^^^^^^^^^^^^^^^^^^^^^^^^^^
  File "C:\Program Files\Python311\Lib\asyncio\base_events.py", line 1091, in create_connection
    raise exceptions[0]
  File "C:\Program Files\Python311\Lib\asyncio\base_events.py", line 1070, in create_connection
    sock = await self._connect_sock(
           ^^^^^^^^^^^^^^^^^^^^^^^^^
  File "C:\Program Files\Python311\Lib\asyncio\base_events.py", line 974, in _connect_sock
    await self.sock_connect(sock, address)
  File "C:\Program Files\Python311\Lib\asyncio\proactor_events.py", line 726, in sock_connect
    return await self._proactor.connect(sock, address)
           ^^^^^^^^^^^^^^^^^^^^^^^^^^^^^^^^^^^^^^^^^^^
  File "C:\Program Files\Python311\Lib\asyncio\windows_events.py", line 854, in _poll
    value = callback(transferred, key, ov)
            ^^^^^^^^^^^^^^^^^^^^^^^^^^^^^^
  File "C:\Program Files\Python311\Lib\asyncio\windows_events.py", line 641, in finish_connect
    ov.getresult()
ConnectionRefusedError: [WinError 1225] The remote computer refused the network connection
2026-06-18T15:37:12+0530 [INFO] [app.server.connections] [21676:MainThread] Client 127.0.0.1:54284 disconnected (EOF received)
2026-06-18T15:37:12+0530 [INFO] [app.server.connections] [21676:MainThread] Socket closed successfully for 127.0.0.1:54284
2026-06-18T16:29:52+0530 [INFO] [app] [21676:MainThread] Graceful shutdown initiated. Stopping TCP listener...
2026-06-18T16:29:52+0530 [INFO] [app] [21676:MainThread] TCP Listener stopped (no longer accepting new client sockets).
2026-06-18T16:29:52+0530 [INFO] [app] [21676:MainThread] Graceful shutdown complete. Server terminated.
2026-06-18T16:29:52+0530 [INFO] [app] [21676:MainThread] Disposing database connection pool...
2026-06-18T16:29:52+0530 [INFO] [app] [21676:MainThread] Database connection pool successfully disposed.
2026-06-18T16:29:56+0530 [INFO] [app] [13836:MainThread] Logging infrastructure successfully initialized.
2026-06-18T16:29:56+0530 [INFO] [app] [13836:MainThread] Initializing database connection engine...
2026-06-18T16:29:56+0530 [INFO] [app] [13836:MainThread] Database connection engine successfully initialized.
2026-06-18T16:29:56+0530 [INFO] [app] [13836:MainThread] Asynchronous TCP Server successfully initialized and listening on 0.0.0.0:5000
2026-06-18T16:29:59+0530 [INFO] [app.server.connections] [13836:MainThread] Client connected from 127.0.0.1:55186
2026-06-18T16:29:59+0530 [ERROR] [app] [13836:MainThread] Unhandled database error occurred: password authentication failed for user "postgres"
Traceback (most recent call last):
  File "D:\production_test_tool\app\services\test_result_service.py", line 70, in process_raw_test_result
    existing_record = await repository.get_by_serial_number(validated_data.serial_number)
                      ^^^^^^^^^^^^^^^^^^^^^^^^^^^^^^^^^^^^^^^^^^^^^^^^^^^^^^^^^^^^^^^^^^^
  File "D:\production_test_tool\app\repositories\test_result_repository.py", line 64, in get_by_serial_number
    result = await self.session.execute(stmt)
             ^^^^^^^^^^^^^^^^^^^^^^^^^^^^^^^^
  File "C:\Users\Aratek\AppData\Roaming\Python\Python311\site-packages\sqlalchemy\ext\asyncio\session.py", line 448, in execute
    result = await greenlet_spawn(
             ^^^^^^^^^^^^^^^^^^^^^
  File "C:\Users\Aratek\AppData\Roaming\Python\Python311\site-packages\sqlalchemy\util\_concurrency_py3k.py", line 201, in greenlet_spawn
    result = context.throw(*sys.exc_info())
             ^^^^^^^^^^^^^^^^^^^^^^^^^^^^^^
  File "C:\Users\Aratek\AppData\Roaming\Python\Python311\site-packages\sqlalchemy\orm\session.py", line 2372, in execute
    return self._execute_internal(
           ^^^^^^^^^^^^^^^^^^^^^^^
  File "C:\Users\Aratek\AppData\Roaming\Python\Python311\site-packages\sqlalchemy\orm\session.py", line 2260, in _execute_internal
    conn = self._connection_for_bind(bind)
           ^^^^^^^^^^^^^^^^^^^^^^^^^^^^^^^
  File "C:\Users\Aratek\AppData\Roaming\Python\Python311\site-packages\sqlalchemy\orm\session.py", line 2112, in _connection_for_bind
    return trans._connection_for_bind(engine, execution_options)
           ^^^^^^^^^^^^^^^^^^^^^^^^^^^^^^^^^^^^^^^^^^^^^^^^^^^^^
  File "<string>", line 2, in _connection_for_bind
  File "C:\Users\Aratek\AppData\Roaming\Python\Python311\site-packages\sqlalchemy\orm\state_changes.py", line 137, in _go
    ret_value = fn(self, *arg, **kw)
                ^^^^^^^^^^^^^^^^^^^^
  File "C:\Users\Aratek\AppData\Roaming\Python\Python311\site-packages\sqlalchemy\orm\session.py", line 1191, in _connection_for_bind
    conn = bind.connect()
           ^^^^^^^^^^^^^^
  File "C:\Users\Aratek\AppData\Roaming\Python\Python311\site-packages\sqlalchemy\engine\base.py", line 3295, in connect
    return self._connection_cls(self)
           ^^^^^^^^^^^^^^^^^^^^^^^^^^
  File "C:\Users\Aratek\AppData\Roaming\Python\Python311\site-packages\sqlalchemy\engine\base.py", line 144, in __init__
    self._dbapi_connection = engine.raw_connection()
                             ^^^^^^^^^^^^^^^^^^^^^^^
  File "C:\Users\Aratek\AppData\Roaming\Python\Python311\site-packages\sqlalchemy\engine\base.py", line 3319, in raw_connection
    return self.pool.connect()
           ^^^^^^^^^^^^^^^^^^^
  File "C:\Users\Aratek\AppData\Roaming\Python\Python311\site-packages\sqlalchemy\pool\base.py", line 448, in connect
    return _ConnectionFairy._checkout(self)
           ^^^^^^^^^^^^^^^^^^^^^^^^^^^^^^^^
  File "C:\Users\Aratek\AppData\Roaming\Python\Python311\site-packages\sqlalchemy\pool\base.py", line 1272, in _checkout
    fairy = _ConnectionRecord.checkout(pool)
            ^^^^^^^^^^^^^^^^^^^^^^^^^^^^^^^^
  File "C:\Users\Aratek\AppData\Roaming\Python\Python311\site-packages\sqlalchemy\pool\base.py", line 712, in checkout
    rec = pool._do_get()
          ^^^^^^^^^^^^^^
  File "C:\Users\Aratek\AppData\Roaming\Python\Python311\site-packages\sqlalchemy\pool\impl.py", line 178, in _do_get
    with util.safe_reraise():
  File "C:\Users\Aratek\AppData\Roaming\Python\Python311\site-packages\sqlalchemy\util\langhelpers.py", line 122, in __exit__
    raise exc_value.with_traceback(exc_tb)
  File "C:\Users\Aratek\AppData\Roaming\Python\Python311\site-packages\sqlalchemy\pool\impl.py", line 176, in _do_get
    return self._create_connection()
           ^^^^^^^^^^^^^^^^^^^^^^^^^
  File "C:\Users\Aratek\AppData\Roaming\Python\Python311\site-packages\sqlalchemy\pool\base.py", line 389, in _create_connection
    return _ConnectionRecord(self)
           ^^^^^^^^^^^^^^^^^^^^^^^
  File "C:\Users\Aratek\AppData\Roaming\Python\Python311\site-packages\sqlalchemy\pool\base.py", line 674, in __init__
    self.__connect()
  File "C:\Users\Aratek\AppData\Roaming\Python\Python311\site-packages\sqlalchemy\pool\base.py", line 900, in __connect
    with util.safe_reraise():
  File "C:\Users\Aratek\AppData\Roaming\Python\Python311\site-packages\sqlalchemy\util\langhelpers.py", line 122, in __exit__
    raise exc_value.with_traceback(exc_tb)
  File "C:\Users\Aratek\AppData\Roaming\Python\Python311\site-packages\sqlalchemy\pool\base.py", line 896, in __connect
    self.dbapi_connection = connection = pool._invoke_creator(self)
                                         ^^^^^^^^^^^^^^^^^^^^^^^^^^
  File "C:\Users\Aratek\AppData\Roaming\Python\Python311\site-packages\sqlalchemy\engine\create.py", line 667, in connect
    return dialect.connect(*cargs_tup, **cparams)
           ^^^^^^^^^^^^^^^^^^^^^^^^^^^^^^^^^^^^^^
  File "C:\Users\Aratek\AppData\Roaming\Python\Python311\site-packages\sqlalchemy\engine\default.py", line 630, in connect
    return self.loaded_dbapi.connect(*cargs, **cparams)  # type: ignore[no-any-return]  # NOQA: E501
           ^^^^^^^^^^^^^^^^^^^^^^^^^^^^^^^^^^^^^^^^^^^^
  File "C:\Users\Aratek\AppData\Roaming\Python\Python311\site-packages\sqlalchemy\dialects\postgresql\asyncpg.py", line 955, in connect
    await_only(creator_fn(*arg, **kw)),
    ^^^^^^^^^^^^^^^^^^^^^^^^^^^^^^^^^^
  File "C:\Users\Aratek\AppData\Roaming\Python\Python311\site-packages\sqlalchemy\util\_concurrency_py3k.py", line 132, in await_only
    return current.parent.switch(awaitable)  # type: ignore[no-any-return,attr-defined] # noqa: E501
           ^^^^^^^^^^^^^^^^^^^^^^^^^^^^^^^^
  File "C:\Users\Aratek\AppData\Roaming\Python\Python311\site-packages\sqlalchemy\util\_concurrency_py3k.py", line 196, in greenlet_spawn
    value = await result
            ^^^^^^^^^^^^
  File "C:\Users\Aratek\AppData\Roaming\Python\Python311\site-packages\asyncpg\connection.py", line 2443, in connect
    return await connect_utils._connect(
           ^^^^^^^^^^^^^^^^^^^^^^^^^^^^^
  File "C:\Users\Aratek\AppData\Roaming\Python\Python311\site-packages\asyncpg\connect_utils.py", line 1218, in _connect
    conn = await _connect_addr(
           ^^^^^^^^^^^^^^^^^^^^
  File "C:\Users\Aratek\AppData\Roaming\Python\Python311\site-packages\asyncpg\connect_utils.py", line 1054, in _connect_addr
    return await __connect_addr(params, True, *args)
           ^^^^^^^^^^^^^^^^^^^^^^^^^^^^^^^^^^^^^^^^^
  File "C:\Users\Aratek\AppData\Roaming\Python\Python311\site-packages\asyncpg\connect_utils.py", line 1102, in __connect_addr
    await connected
asyncpg.exceptions.InvalidPasswordError: password authentication failed for user "postgres"
2026-06-18T16:29:59+0530 [INFO] [app.server.connections] [13836:MainThread] Client 127.0.0.1:55186 disconnected (EOF received)
2026-06-18T16:29:59+0530 [INFO] [app.server.connections] [13836:MainThread] Socket closed successfully for 127.0.0.1:55186
2026-06-18T16:36:38+0530 [INFO] [app] [13836:MainThread] Graceful shutdown initiated. Stopping TCP listener...
2026-06-18T16:36:38+0530 [INFO] [app] [13836:MainThread] TCP Listener stopped (no longer accepting new client sockets).
2026-06-18T16:36:38+0530 [INFO] [app] [13836:MainThread] Graceful shutdown complete. Server terminated.
2026-06-18T16:36:38+0530 [INFO] [app] [13836:MainThread] Disposing database connection pool...
2026-06-18T16:36:38+0530 [INFO] [app] [13836:MainThread] Database connection pool successfully disposed.
2026-06-18T16:36:44+0530 [INFO] [app] [17772:MainThread] Logging infrastructure successfully initialized.
2026-06-18T16:36:44+0530 [INFO] [app] [17772:MainThread] Initializing database connection engine...
2026-06-18T16:36:44+0530 [INFO] [app] [17772:MainThread] Database connection engine successfully initialized.
2026-06-18T16:36:44+0530 [INFO] [app] [17772:MainThread] Asynchronous TCP Server successfully initialized and listening on 0.0.0.0:5000
2026-06-18T16:36:51+0530 [INFO] [app.server.connections] [17772:MainThread] Client connected from 127.0.0.1:55263
2026-06-18T16:36:51+0530 [ERROR] [app] [17772:MainThread] Unhandled database error occurred: password authentication failed for user "postgres"
Traceback (most recent call last):
  File "D:\production_test_tool\app\services\test_result_service.py", line 70, in process_raw_test_result
    existing_record = await repository.get_by_serial_number(validated_data.serial_number)
                      ^^^^^^^^^^^^^^^^^^^^^^^^^^^^^^^^^^^^^^^^^^^^^^^^^^^^^^^^^^^^^^^^^^^
  File "D:\production_test_tool\app\repositories\test_result_repository.py", line 64, in get_by_serial_number
    result = await self.session.execute(stmt)
             ^^^^^^^^^^^^^^^^^^^^^^^^^^^^^^^^
  File "C:\Users\Aratek\AppData\Roaming\Python\Python311\site-packages\sqlalchemy\ext\asyncio\session.py", line 448, in execute
    result = await greenlet_spawn(
             ^^^^^^^^^^^^^^^^^^^^^
  File "C:\Users\Aratek\AppData\Roaming\Python\Python311\site-packages\sqlalchemy\util\_concurrency_py3k.py", line 201, in greenlet_spawn
    result = context.throw(*sys.exc_info())
             ^^^^^^^^^^^^^^^^^^^^^^^^^^^^^^
  File "C:\Users\Aratek\AppData\Roaming\Python\Python311\site-packages\sqlalchemy\orm\session.py", line 2372, in execute
    return self._execute_internal(
           ^^^^^^^^^^^^^^^^^^^^^^^
  File "C:\Users\Aratek\AppData\Roaming\Python\Python311\site-packages\sqlalchemy\orm\session.py", line 2260, in _execute_internal
    conn = self._connection_for_bind(bind)
           ^^^^^^^^^^^^^^^^^^^^^^^^^^^^^^^
  File "C:\Users\Aratek\AppData\Roaming\Python\Python311\site-packages\sqlalchemy\orm\session.py", line 2112, in _connection_for_bind
    return trans._connection_for_bind(engine, execution_options)
           ^^^^^^^^^^^^^^^^^^^^^^^^^^^^^^^^^^^^^^^^^^^^^^^^^^^^^
  File "<string>", line 2, in _connection_for_bind
  File "C:\Users\Aratek\AppData\Roaming\Python\Python311\site-packages\sqlalchemy\orm\state_changes.py", line 137, in _go
    ret_value = fn(self, *arg, **kw)
                ^^^^^^^^^^^^^^^^^^^^
  File "C:\Users\Aratek\AppData\Roaming\Python\Python311\site-packages\sqlalchemy\orm\session.py", line 1191, in _connection_for_bind
    conn = bind.connect()
           ^^^^^^^^^^^^^^
  File "C:\Users\Aratek\AppData\Roaming\Python\Python311\site-packages\sqlalchemy\engine\base.py", line 3295, in connect
    return self._connection_cls(self)
           ^^^^^^^^^^^^^^^^^^^^^^^^^^
  File "C:\Users\Aratek\AppData\Roaming\Python\Python311\site-packages\sqlalchemy\engine\base.py", line 144, in __init__
    self._dbapi_connection = engine.raw_connection()
                             ^^^^^^^^^^^^^^^^^^^^^^^
  File "C:\Users\Aratek\AppData\Roaming\Python\Python311\site-packages\sqlalchemy\engine\base.py", line 3319, in raw_connection
    return self.pool.connect()
           ^^^^^^^^^^^^^^^^^^^
  File "C:\Users\Aratek\AppData\Roaming\Python\Python311\site-packages\sqlalchemy\pool\base.py", line 448, in connect
    return _ConnectionFairy._checkout(self)
           ^^^^^^^^^^^^^^^^^^^^^^^^^^^^^^^^
  File "C:\Users\Aratek\AppData\Roaming\Python\Python311\site-packages\sqlalchemy\pool\base.py", line 1272, in _checkout
    fairy = _ConnectionRecord.checkout(pool)
            ^^^^^^^^^^^^^^^^^^^^^^^^^^^^^^^^
  File "C:\Users\Aratek\AppData\Roaming\Python\Python311\site-packages\sqlalchemy\pool\base.py", line 712, in checkout
    rec = pool._do_get()
          ^^^^^^^^^^^^^^
  File "C:\Users\Aratek\AppData\Roaming\Python\Python311\site-packages\sqlalchemy\pool\impl.py", line 178, in _do_get
    with util.safe_reraise():
  File "C:\Users\Aratek\AppData\Roaming\Python\Python311\site-packages\sqlalchemy\util\langhelpers.py", line 122, in __exit__
    raise exc_value.with_traceback(exc_tb)
  File "C:\Users\Aratek\AppData\Roaming\Python\Python311\site-packages\sqlalchemy\pool\impl.py", line 176, in _do_get
    return self._create_connection()
           ^^^^^^^^^^^^^^^^^^^^^^^^^
  File "C:\Users\Aratek\AppData\Roaming\Python\Python311\site-packages\sqlalchemy\pool\base.py", line 389, in _create_connection
    return _ConnectionRecord(self)
           ^^^^^^^^^^^^^^^^^^^^^^^
  File "C:\Users\Aratek\AppData\Roaming\Python\Python311\site-packages\sqlalchemy\pool\base.py", line 674, in __init__
    self.__connect()
  File "C:\Users\Aratek\AppData\Roaming\Python\Python311\site-packages\sqlalchemy\pool\base.py", line 900, in __connect
    with util.safe_reraise():
  File "C:\Users\Aratek\AppData\Roaming\Python\Python311\site-packages\sqlalchemy\util\langhelpers.py", line 122, in __exit__
    raise exc_value.with_traceback(exc_tb)
  File "C:\Users\Aratek\AppData\Roaming\Python\Python311\site-packages\sqlalchemy\pool\base.py", line 896, in __connect
    self.dbapi_connection = connection = pool._invoke_creator(self)
                                         ^^^^^^^^^^^^^^^^^^^^^^^^^^
  File "C:\Users\Aratek\AppData\Roaming\Python\Python311\site-packages\sqlalchemy\engine\create.py", line 667, in connect
    return dialect.connect(*cargs_tup, **cparams)
           ^^^^^^^^^^^^^^^^^^^^^^^^^^^^^^^^^^^^^^
  File "C:\Users\Aratek\AppData\Roaming\Python\Python311\site-packages\sqlalchemy\engine\default.py", line 630, in connect
    return self.loaded_dbapi.connect(*cargs, **cparams)  # type: ignore[no-any-return]  # NOQA: E501
           ^^^^^^^^^^^^^^^^^^^^^^^^^^^^^^^^^^^^^^^^^^^^
  File "C:\Users\Aratek\AppData\Roaming\Python\Python311\site-packages\sqlalchemy\dialects\postgresql\asyncpg.py", line 955, in connect
    await_only(creator_fn(*arg, **kw)),
    ^^^^^^^^^^^^^^^^^^^^^^^^^^^^^^^^^^
  File "C:\Users\Aratek\AppData\Roaming\Python\Python311\site-packages\sqlalchemy\util\_concurrency_py3k.py", line 132, in await_only
    return current.parent.switch(awaitable)  # type: ignore[no-any-return,attr-defined] # noqa: E501
           ^^^^^^^^^^^^^^^^^^^^^^^^^^^^^^^^
  File "C:\Users\Aratek\AppData\Roaming\Python\Python311\site-packages\sqlalchemy\util\_concurrency_py3k.py", line 196, in greenlet_spawn
    value = await result
            ^^^^^^^^^^^^
  File "C:\Users\Aratek\AppData\Roaming\Python\Python311\site-packages\asyncpg\connection.py", line 2443, in connect
    return await connect_utils._connect(
           ^^^^^^^^^^^^^^^^^^^^^^^^^^^^^
  File "C:\Users\Aratek\AppData\Roaming\Python\Python311\site-packages\asyncpg\connect_utils.py", line 1218, in _connect
    conn = await _connect_addr(
           ^^^^^^^^^^^^^^^^^^^^
  File "C:\Users\Aratek\AppData\Roaming\Python\Python311\site-packages\asyncpg\connect_utils.py", line 1054, in _connect_addr
    return await __connect_addr(params, True, *args)
           ^^^^^^^^^^^^^^^^^^^^^^^^^^^^^^^^^^^^^^^^^
  File "C:\Users\Aratek\AppData\Roaming\Python\Python311\site-packages\asyncpg\connect_utils.py", line 1102, in __connect_addr
    await connected
asyncpg.exceptions.InvalidPasswordError: password authentication failed for user "postgres"
2026-06-18T16:36:51+0530 [INFO] [app.server.connections] [17772:MainThread] Client 127.0.0.1:55263 disconnected (EOF received)
2026-06-18T16:36:51+0530 [INFO] [app.server.connections] [17772:MainThread] Socket closed successfully for 127.0.0.1:55263
2026-06-18T16:39:09+0530 [INFO] [app] [17772:MainThread] Graceful shutdown initiated. Stopping TCP listener...
2026-06-18T16:39:09+0530 [INFO] [app] [17772:MainThread] TCP Listener stopped (no longer accepting new client sockets).
2026-06-18T16:39:09+0530 [INFO] [app] [17772:MainThread] Graceful shutdown complete. Server terminated.
2026-06-18T16:39:09+0530 [INFO] [app] [17772:MainThread] Disposing database connection pool...
2026-06-18T16:39:09+0530 [INFO] [app] [17772:MainThread] Database connection pool successfully disposed.
2026-06-18T16:40:47+0530 [INFO] [app] [4856:MainThread] Logging infrastructure successfully initialized.
2026-06-18T16:40:47+0530 [INFO] [app] [4856:MainThread] Initializing database connection engine...
2026-06-18T16:40:47+0530 [INFO] [app] [4856:MainThread] Database connection engine successfully initialized.
2026-06-18T16:40:47+0530 [INFO] [app] [4856:MainThread] Asynchronous TCP Server successfully initialized and listening on 0.0.0.0:5000
2026-06-18T16:40:58+0530 [INFO] [app] [4856:MainThread] Graceful shutdown initiated. Stopping TCP listener...
2026-06-18T16:40:58+0530 [INFO] [app] [4856:MainThread] TCP Listener stopped (no longer accepting new client sockets).
2026-06-18T16:40:58+0530 [INFO] [app] [4856:MainThread] Graceful shutdown complete. Server terminated.
2026-06-18T16:40:58+0530 [INFO] [app] [4856:MainThread] Disposing database connection pool...
2026-06-18T16:40:58+0530 [INFO] [app] [4856:MainThread] Database connection pool successfully disposed.
2026-06-18T16:43:51+0530 [INFO] [app] [12124:MainThread] Logging infrastructure successfully initialized.
2026-06-18T16:43:51+0530 [INFO] [app] [12124:MainThread] Initializing database connection engine...
2026-06-18T16:43:51+0530 [INFO] [app] [12124:MainThread] Database connection engine successfully initialized.
2026-06-18T16:43:51+0530 [INFO] [app] [12124:MainThread] Asynchronous TCP Server successfully initialized and listening on 0.0.0.0:5000
2026-06-18T16:44:06+0530 [INFO] [app.server.connections] [12124:MainThread] Client connected from 127.0.0.1:55339
2026-06-18T16:44:06+0530 [ERROR] [app] [12124:MainThread] Unhandled database error occurred: password authentication failed for user "postgres"
Traceback (most recent call last):
  File "D:\production_test_tool\app\services\test_result_service.py", line 70, in process_raw_test_result
    existing_record = await repository.get_by_serial_number(validated_data.serial_number)
                      ^^^^^^^^^^^^^^^^^^^^^^^^^^^^^^^^^^^^^^^^^^^^^^^^^^^^^^^^^^^^^^^^^^^
  File "D:\production_test_tool\app\repositories\test_result_repository.py", line 64, in get_by_serial_number
    result = await self.session.execute(stmt)
             ^^^^^^^^^^^^^^^^^^^^^^^^^^^^^^^^
  File "C:\Users\Aratek\AppData\Roaming\Python\Python311\site-packages\sqlalchemy\ext\asyncio\session.py", line 448, in execute
    result = await greenlet_spawn(
             ^^^^^^^^^^^^^^^^^^^^^
  File "C:\Users\Aratek\AppData\Roaming\Python\Python311\site-packages\sqlalchemy\util\_concurrency_py3k.py", line 201, in greenlet_spawn
    result = context.throw(*sys.exc_info())
             ^^^^^^^^^^^^^^^^^^^^^^^^^^^^^^
  File "C:\Users\Aratek\AppData\Roaming\Python\Python311\site-packages\sqlalchemy\orm\session.py", line 2372, in execute
    return self._execute_internal(
           ^^^^^^^^^^^^^^^^^^^^^^^
  File "C:\Users\Aratek\AppData\Roaming\Python\Python311\site-packages\sqlalchemy\orm\session.py", line 2260, in _execute_internal
    conn = self._connection_for_bind(bind)
           ^^^^^^^^^^^^^^^^^^^^^^^^^^^^^^^
  File "C:\Users\Aratek\AppData\Roaming\Python\Python311\site-packages\sqlalchemy\orm\session.py", line 2112, in _connection_for_bind
    return trans._connection_for_bind(engine, execution_options)
           ^^^^^^^^^^^^^^^^^^^^^^^^^^^^^^^^^^^^^^^^^^^^^^^^^^^^^
  File "<string>", line 2, in _connection_for_bind
  File "C:\Users\Aratek\AppData\Roaming\Python\Python311\site-packages\sqlalchemy\orm\state_changes.py", line 137, in _go
    ret_value = fn(self, *arg, **kw)
                ^^^^^^^^^^^^^^^^^^^^
  File "C:\Users\Aratek\AppData\Roaming\Python\Python311\site-packages\sqlalchemy\orm\session.py", line 1191, in _connection_for_bind
    conn = bind.connect()
           ^^^^^^^^^^^^^^
  File "C:\Users\Aratek\AppData\Roaming\Python\Python311\site-packages\sqlalchemy\engine\base.py", line 3295, in connect
    return self._connection_cls(self)
           ^^^^^^^^^^^^^^^^^^^^^^^^^^
  File "C:\Users\Aratek\AppData\Roaming\Python\Python311\site-packages\sqlalchemy\engine\base.py", line 144, in __init__
    self._dbapi_connection = engine.raw_connection()
                             ^^^^^^^^^^^^^^^^^^^^^^^
  File "C:\Users\Aratek\AppData\Roaming\Python\Python311\site-packages\sqlalchemy\engine\base.py", line 3319, in raw_connection
    return self.pool.connect()
           ^^^^^^^^^^^^^^^^^^^
  File "C:\Users\Aratek\AppData\Roaming\Python\Python311\site-packages\sqlalchemy\pool\base.py", line 448, in connect
    return _ConnectionFairy._checkout(self)
           ^^^^^^^^^^^^^^^^^^^^^^^^^^^^^^^^
  File "C:\Users\Aratek\AppData\Roaming\Python\Python311\site-packages\sqlalchemy\pool\base.py", line 1272, in _checkout
    fairy = _ConnectionRecord.checkout(pool)
            ^^^^^^^^^^^^^^^^^^^^^^^^^^^^^^^^
  File "C:\Users\Aratek\AppData\Roaming\Python\Python311\site-packages\sqlalchemy\pool\base.py", line 712, in checkout
    rec = pool._do_get()
          ^^^^^^^^^^^^^^
  File "C:\Users\Aratek\AppData\Roaming\Python\Python311\site-packages\sqlalchemy\pool\impl.py", line 178, in _do_get
    with util.safe_reraise():
  File "C:\Users\Aratek\AppData\Roaming\Python\Python311\site-packages\sqlalchemy\util\langhelpers.py", line 122, in __exit__
    raise exc_value.with_traceback(exc_tb)
  File "C:\Users\Aratek\AppData\Roaming\Python\Python311\site-packages\sqlalchemy\pool\impl.py", line 176, in _do_get
    return self._create_connection()
           ^^^^^^^^^^^^^^^^^^^^^^^^^
  File "C:\Users\Aratek\AppData\Roaming\Python\Python311\site-packages\sqlalchemy\pool\base.py", line 389, in _create_connection
    return _ConnectionRecord(self)
           ^^^^^^^^^^^^^^^^^^^^^^^
  File "C:\Users\Aratek\AppData\Roaming\Python\Python311\site-packages\sqlalchemy\pool\base.py", line 674, in __init__
    self.__connect()
  File "C:\Users\Aratek\AppData\Roaming\Python\Python311\site-packages\sqlalchemy\pool\base.py", line 900, in __connect
    with util.safe_reraise():
  File "C:\Users\Aratek\AppData\Roaming\Python\Python311\site-packages\sqlalchemy\util\langhelpers.py", line 122, in __exit__
    raise exc_value.with_traceback(exc_tb)
  File "C:\Users\Aratek\AppData\Roaming\Python\Python311\site-packages\sqlalchemy\pool\base.py", line 896, in __connect
    self.dbapi_connection = connection = pool._invoke_creator(self)
                                         ^^^^^^^^^^^^^^^^^^^^^^^^^^
  File "C:\Users\Aratek\AppData\Roaming\Python\Python311\site-packages\sqlalchemy\engine\create.py", line 667, in connect
    return dialect.connect(*cargs_tup, **cparams)
           ^^^^^^^^^^^^^^^^^^^^^^^^^^^^^^^^^^^^^^
  File "C:\Users\Aratek\AppData\Roaming\Python\Python311\site-packages\sqlalchemy\engine\default.py", line 630, in connect
    return self.loaded_dbapi.connect(*cargs, **cparams)  # type: ignore[no-any-return]  # NOQA: E501
           ^^^^^^^^^^^^^^^^^^^^^^^^^^^^^^^^^^^^^^^^^^^^
  File "C:\Users\Aratek\AppData\Roaming\Python\Python311\site-packages\sqlalchemy\dialects\postgresql\asyncpg.py", line 955, in connect
    await_only(creator_fn(*arg, **kw)),
    ^^^^^^^^^^^^^^^^^^^^^^^^^^^^^^^^^^
  File "C:\Users\Aratek\AppData\Roaming\Python\Python311\site-packages\sqlalchemy\util\_concurrency_py3k.py", line 132, in await_only
    return current.parent.switch(awaitable)  # type: ignore[no-any-return,attr-defined] # noqa: E501
           ^^^^^^^^^^^^^^^^^^^^^^^^^^^^^^^^
  File "C:\Users\Aratek\AppData\Roaming\Python\Python311\site-packages\sqlalchemy\util\_concurrency_py3k.py", line 196, in greenlet_spawn
    value = await result
            ^^^^^^^^^^^^
  File "C:\Users\Aratek\AppData\Roaming\Python\Python311\site-packages\asyncpg\connection.py", line 2443, in connect
    return await connect_utils._connect(
           ^^^^^^^^^^^^^^^^^^^^^^^^^^^^^
  File "C:\Users\Aratek\AppData\Roaming\Python\Python311\site-packages\asyncpg\connect_utils.py", line 1218, in _connect
    conn = await _connect_addr(
           ^^^^^^^^^^^^^^^^^^^^
  File "C:\Users\Aratek\AppData\Roaming\Python\Python311\site-packages\asyncpg\connect_utils.py", line 1054, in _connect_addr
    return await __connect_addr(params, True, *args)
           ^^^^^^^^^^^^^^^^^^^^^^^^^^^^^^^^^^^^^^^^^
  File "C:\Users\Aratek\AppData\Roaming\Python\Python311\site-packages\asyncpg\connect_utils.py", line 1102, in __connect_addr
    await connected
asyncpg.exceptions.InvalidPasswordError: password authentication failed for user "postgres"
2026-06-18T16:44:06+0530 [INFO] [app.server.connections] [12124:MainThread] Client 127.0.0.1:55339 disconnected (EOF received)
2026-06-18T16:44:06+0530 [INFO] [app.server.connections] [12124:MainThread] Socket closed successfully for 127.0.0.1:55339
2026-06-18T16:59:38+0530 [INFO] [app] [12124:MainThread] Graceful shutdown initiated. Stopping TCP listener...
2026-06-18T16:59:38+0530 [INFO] [app] [12124:MainThread] TCP Listener stopped (no longer accepting new client sockets).
2026-06-18T16:59:38+0530 [INFO] [app] [12124:MainThread] Graceful shutdown complete. Server terminated.
2026-06-18T16:59:38+0530 [INFO] [app] [12124:MainThread] Disposing database connection pool...
2026-06-18T16:59:38+0530 [INFO] [app] [12124:MainThread] Database connection pool successfully disposed.
2026-06-18T16:59:43+0530 [INFO] [app] [568:MainThread] Logging infrastructure successfully initialized.
2026-06-18T16:59:43+0530 [INFO] [app] [568:MainThread] Initializing database connection engine...
2026-06-18T16:59:44+0530 [INFO] [app] [568:MainThread] Database connection engine successfully initialized.
2026-06-18T16:59:44+0530 [INFO] [app] [568:MainThread] Asynchronous TCP Server successfully initialized and listening on 0.0.0.0:5000
2026-06-18T16:59:48+0530 [INFO] [app.server.connections] [568:MainThread] Client connected from 127.0.0.1:55614
2026-06-18T16:59:48+0530 [ERROR] [app] [568:MainThread] Unhandled database error occurred: (sqlalchemy.dialects.postgresql.asyncpg.ProgrammingError) <class 'asyncpg.exceptions.UndefinedTableError'>: relation "test_results" does not exist
[SQL: SELECT test_results.id, test_results.device_id, test_results.serial_number, test_results.operator, test_results.machine, test_results.firmware, test_results.result, test_results.execution_time, test_results.timestamp, test_results.raw_json, test_results.client_ip, test_results.received_at, test_results.created_at, test_results.updated_at 
FROM test_results 
WHERE test_results.serial_number = $1::VARCHAR ORDER BY test_results.received_at DESC 
 LIMIT $2::INTEGER]
[parameters: ('SN000001', 1)]
(Background on this error at: https://sqlalche.me/e/20/f405)
Traceback (most recent call last):
  File "C:\Users\Aratek\AppData\Roaming\Python\Python311\site-packages\sqlalchemy\dialects\postgresql\asyncpg.py", line 526, in _prepare_and_execute
    prepared_stmt, attributes = await adapt_connection._prepare(
                                ^^^^^^^^^^^^^^^^^^^^^^^^^^^^^^^^
  File "C:\Users\Aratek\AppData\Roaming\Python\Python311\site-packages\sqlalchemy\dialects\postgresql\asyncpg.py", line 773, in _prepare
    prepared_stmt = await self._connection.prepare(
                    ^^^^^^^^^^^^^^^^^^^^^^^^^^^^^^^
  File "C:\Users\Aratek\AppData\Roaming\Python\Python311\site-packages\asyncpg\connection.py", line 638, in prepare
    return await self._prepare(
           ^^^^^^^^^^^^^^^^^^^^
  File "C:\Users\Aratek\AppData\Roaming\Python\Python311\site-packages\asyncpg\connection.py", line 657, in _prepare
    stmt = await self._get_statement(
           ^^^^^^^^^^^^^^^^^^^^^^^^^^
  File "C:\Users\Aratek\AppData\Roaming\Python\Python311\site-packages\asyncpg\connection.py", line 443, in _get_statement
    statement = await self._protocol.prepare(
                ^^^^^^^^^^^^^^^^^^^^^^^^^^^^^
  File "asyncpg/protocol/protocol.pyx", line 165, in prepare
asyncpg.exceptions.UndefinedTableError: relation "test_results" does not exist

The above exception was the direct cause of the following exception:

Traceback (most recent call last):
  File "C:\Users\Aratek\AppData\Roaming\Python\Python311\site-packages\sqlalchemy\engine\base.py", line 1969, in _exec_single_context
    self.dialect.do_execute(
  File "C:\Users\Aratek\AppData\Roaming\Python\Python311\site-packages\sqlalchemy\engine\default.py", line 952, in do_execute
    cursor.execute(statement, parameters)
  File "C:\Users\Aratek\AppData\Roaming\Python\Python311\site-packages\sqlalchemy\dialects\postgresql\asyncpg.py", line 585, in execute
    self._adapt_connection.await_(
  File "C:\Users\Aratek\AppData\Roaming\Python\Python311\site-packages\sqlalchemy\util\_concurrency_py3k.py", line 132, in await_only
    return current.parent.switch(awaitable)  # type: ignore[no-any-return,attr-defined] # noqa: E501
           ^^^^^^^^^^^^^^^^^^^^^^^^^^^^^^^^
  File "C:\Users\Aratek\AppData\Roaming\Python\Python311\site-packages\sqlalchemy\util\_concurrency_py3k.py", line 196, in greenlet_spawn
    value = await result
            ^^^^^^^^^^^^
  File "C:\Users\Aratek\AppData\Roaming\Python\Python311\site-packages\sqlalchemy\dialects\postgresql\asyncpg.py", line 563, in _prepare_and_execute
    self._handle_exception(error)
  File "C:\Users\Aratek\AppData\Roaming\Python\Python311\site-packages\sqlalchemy\dialects\postgresql\asyncpg.py", line 513, in _handle_exception
    self._adapt_connection._handle_exception(error)
  File "C:\Users\Aratek\AppData\Roaming\Python\Python311\site-packages\sqlalchemy\dialects\postgresql\asyncpg.py", line 797, in _handle_exception
    raise translated_error from error
sqlalchemy.dialects.postgresql.asyncpg.AsyncAdapt_asyncpg_dbapi.ProgrammingError: <class 'asyncpg.exceptions.UndefinedTableError'>: relation "test_results" does not exist

The above exception was the direct cause of the following exception:

Traceback (most recent call last):
  File "D:\production_test_tool\app\services\test_result_service.py", line 70, in process_raw_test_result
    existing_record = await repository.get_by_serial_number(validated_data.serial_number)
                      ^^^^^^^^^^^^^^^^^^^^^^^^^^^^^^^^^^^^^^^^^^^^^^^^^^^^^^^^^^^^^^^^^^^
  File "D:\production_test_tool\app\repositories\test_result_repository.py", line 64, in get_by_serial_number
    result = await self.session.execute(stmt)
             ^^^^^^^^^^^^^^^^^^^^^^^^^^^^^^^^
  File "C:\Users\Aratek\AppData\Roaming\Python\Python311\site-packages\sqlalchemy\ext\asyncio\session.py", line 448, in execute
    result = await greenlet_spawn(
             ^^^^^^^^^^^^^^^^^^^^^
  File "C:\Users\Aratek\AppData\Roaming\Python\Python311\site-packages\sqlalchemy\util\_concurrency_py3k.py", line 201, in greenlet_spawn
    result = context.throw(*sys.exc_info())
             ^^^^^^^^^^^^^^^^^^^^^^^^^^^^^^
  File "C:\Users\Aratek\AppData\Roaming\Python\Python311\site-packages\sqlalchemy\orm\session.py", line 2372, in execute
    return self._execute_internal(
           ^^^^^^^^^^^^^^^^^^^^^^^
  File "C:\Users\Aratek\AppData\Roaming\Python\Python311\site-packages\sqlalchemy\orm\session.py", line 2270, in _execute_internal
    result: Result[Any] = compile_state_cls.orm_execute_statement(
                          ^^^^^^^^^^^^^^^^^^^^^^^^^^^^^^^^^^^^^^^^
  File "C:\Users\Aratek\AppData\Roaming\Python\Python311\site-packages\sqlalchemy\orm\context.py", line 306, in orm_execute_statement
    result = conn.execute(
             ^^^^^^^^^^^^^
  File "C:\Users\Aratek\AppData\Roaming\Python\Python311\site-packages\sqlalchemy\engine\base.py", line 1421, in execute
    return meth(
           ^^^^^
  File "C:\Users\Aratek\AppData\Roaming\Python\Python311\site-packages\sqlalchemy\sql\elements.py", line 526, in _execute_on_connection
    return connection._execute_clauseelement(
           ^^^^^^^^^^^^^^^^^^^^^^^^^^^^^^^^^^
  File "C:\Users\Aratek\AppData\Roaming\Python\Python311\site-packages\sqlalchemy\engine\base.py", line 1643, in _execute_clauseelement
    ret = self._execute_context(
          ^^^^^^^^^^^^^^^^^^^^^^
  File "C:\Users\Aratek\AppData\Roaming\Python\Python311\site-packages\sqlalchemy\engine\base.py", line 1848, in _execute_context
    return self._exec_single_context(
           ^^^^^^^^^^^^^^^^^^^^^^^^^^
  File "C:\Users\Aratek\AppData\Roaming\Python\Python311\site-packages\sqlalchemy\engine\base.py", line 1988, in _exec_single_context
    self._handle_dbapi_exception(
  File "C:\Users\Aratek\AppData\Roaming\Python\Python311\site-packages\sqlalchemy\engine\base.py", line 2365, in _handle_dbapi_exception
    raise sqlalchemy_exception.with_traceback(exc_info[2]) from e
  File "C:\Users\Aratek\AppData\Roaming\Python\Python311\site-packages\sqlalchemy\engine\base.py", line 1969, in _exec_single_context
    self.dialect.do_execute(
  File "C:\Users\Aratek\AppData\Roaming\Python\Python311\site-packages\sqlalchemy\engine\default.py", line 952, in do_execute
    cursor.execute(statement, parameters)
  File "C:\Users\Aratek\AppData\Roaming\Python\Python311\site-packages\sqlalchemy\dialects\postgresql\asyncpg.py", line 585, in execute
    self._adapt_connection.await_(
  File "C:\Users\Aratek\AppData\Roaming\Python\Python311\site-packages\sqlalchemy\util\_concurrency_py3k.py", line 132, in await_only
    return current.parent.switch(awaitable)  # type: ignore[no-any-return,attr-defined] # noqa: E501
           ^^^^^^^^^^^^^^^^^^^^^^^^^^^^^^^^
  File "C:\Users\Aratek\AppData\Roaming\Python\Python311\site-packages\sqlalchemy\util\_concurrency_py3k.py", line 196, in greenlet_spawn
    value = await result
            ^^^^^^^^^^^^
  File "C:\Users\Aratek\AppData\Roaming\Python\Python311\site-packages\sqlalchemy\dialects\postgresql\asyncpg.py", line 563, in _prepare_and_execute
    self._handle_exception(error)
  File "C:\Users\Aratek\AppData\Roaming\Python\Python311\site-packages\sqlalchemy\dialects\postgresql\asyncpg.py", line 513, in _handle_exception
    self._adapt_connection._handle_exception(error)
  File "C:\Users\Aratek\AppData\Roaming\Python\Python311\site-packages\sqlalchemy\dialects\postgresql\asyncpg.py", line 797, in _handle_exception
    raise translated_error from error
sqlalchemy.exc.ProgrammingError: (sqlalchemy.dialects.postgresql.asyncpg.ProgrammingError) <class 'asyncpg.exceptions.UndefinedTableError'>: relation "test_results" does not exist
[SQL: SELECT test_results.id, test_results.device_id, test_results.serial_number, test_results.operator, test_results.machine, test_results.firmware, test_results.result, test_results.execution_time, test_results.timestamp, test_results.raw_json, test_results.client_ip, test_results.received_at, test_results.created_at, test_results.updated_at 
FROM test_results 
WHERE test_results.serial_number = $1::VARCHAR ORDER BY test_results.received_at DESC 
 LIMIT $2::INTEGER]
[parameters: ('SN000001', 1)]
(Background on this error at: https://sqlalche.me/e/20/f405)
2026-06-18T16:59:48+0530 [INFO] [app.server.connections] [568:MainThread] Client 127.0.0.1:55614 disconnected (EOF received)
2026-06-18T16:59:48+0530 [INFO] [app.server.connections] [568:MainThread] Socket closed successfully for 127.0.0.1:55614
2026-06-18T17:38:30+0530 [INFO] [app] [10412:MainThread] Logging infrastructure successfully initialized.
2026-06-18T17:38:30+0530 [INFO] [app] [10412:MainThread] Initializing database connection engine...
2026-06-18T17:38:30+0530 [INFO] [app] [10412:MainThread] Database connection engine successfully initialized.
2026-06-18T17:40:25+0530 [INFO] [app] [568:MainThread] Graceful shutdown initiated. Stopping TCP listener...
2026-06-18T17:40:25+0530 [INFO] [app] [568:MainThread] TCP Listener stopped (no longer accepting new client sockets).
2026-06-18T17:40:25+0530 [INFO] [app] [568:MainThread] Graceful shutdown complete. Server terminated.
2026-06-18T17:40:25+0530 [INFO] [app] [568:MainThread] Disposing database connection pool...
2026-06-18T17:40:25+0530 [INFO] [app] [568:MainThread] Database connection pool successfully disposed.
2026-06-18T17:40:30+0530 [INFO] [app] [15632:MainThread] Logging infrastructure successfully initialized.
2026-06-18T17:40:30+0530 [INFO] [app] [15632:MainThread] Initializing database connection engine...
2026-06-18T17:40:30+0530 [INFO] [app] [15632:MainThread] Database connection engine successfully initialized.
2026-06-18T17:40:30+0530 [INFO] [app] [15632:MainThread] Asynchronous TCP Server successfully initialized and listening on 0.0.0.0:5000
2026-06-18T17:40:44+0530 [INFO] [app.server.connections] [15632:MainThread] Client connected from 127.0.0.1:56093
2026-06-18T17:40:44+0530 [ERROR] [app] [15632:MainThread] Unhandled database error occurred: (sqlalchemy.dialects.postgresql.asyncpg.ProgrammingError) <class 'asyncpg.exceptions.UndefinedTableError'>: relation "test_results" does not exist
[SQL: SELECT test_results.id, test_results.device_id, test_results.serial_number, test_results.operator, test_results.machine, test_results.firmware, test_results.result, test_results.execution_time, test_results.timestamp, test_results.raw_json, test_results.client_ip, test_results.received_at, test_results.created_at, test_results.updated_at 
FROM test_results 
WHERE test_results.serial_number = $1::VARCHAR ORDER BY test_results.received_at DESC 
 LIMIT $2::INTEGER]
[parameters: ('SN000001', 1)]
(Background on this error at: https://sqlalche.me/e/20/f405)
Traceback (most recent call last):
  File "C:\Users\Aratek\AppData\Roaming\Python\Python311\site-packages\sqlalchemy\dialects\postgresql\asyncpg.py", line 526, in _prepare_and_execute
    prepared_stmt, attributes = await adapt_connection._prepare(
                                ^^^^^^^^^^^^^^^^^^^^^^^^^^^^^^^^
  File "C:\Users\Aratek\AppData\Roaming\Python\Python311\site-packages\sqlalchemy\dialects\postgresql\asyncpg.py", line 773, in _prepare
    prepared_stmt = await self._connection.prepare(
                    ^^^^^^^^^^^^^^^^^^^^^^^^^^^^^^^
  File "C:\Users\Aratek\AppData\Roaming\Python\Python311\site-packages\asyncpg\connection.py", line 638, in prepare
    return await self._prepare(
           ^^^^^^^^^^^^^^^^^^^^
  File "C:\Users\Aratek\AppData\Roaming\Python\Python311\site-packages\asyncpg\connection.py", line 657, in _prepare
    stmt = await self._get_statement(
           ^^^^^^^^^^^^^^^^^^^^^^^^^^
  File "C:\Users\Aratek\AppData\Roaming\Python\Python311\site-packages\asyncpg\connection.py", line 443, in _get_statement
    statement = await self._protocol.prepare(
                ^^^^^^^^^^^^^^^^^^^^^^^^^^^^^
  File "asyncpg/protocol/protocol.pyx", line 165, in prepare
asyncpg.exceptions.UndefinedTableError: relation "test_results" does not exist

The above exception was the direct cause of the following exception:

Traceback (most recent call last):
  File "C:\Users\Aratek\AppData\Roaming\Python\Python311\site-packages\sqlalchemy\engine\base.py", line 1969, in _exec_single_context
    self.dialect.do_execute(
  File "C:\Users\Aratek\AppData\Roaming\Python\Python311\site-packages\sqlalchemy\engine\default.py", line 952, in do_execute
    cursor.execute(statement, parameters)
  File "C:\Users\Aratek\AppData\Roaming\Python\Python311\site-packages\sqlalchemy\dialects\postgresql\asyncpg.py", line 585, in execute
    self._adapt_connection.await_(
  File "C:\Users\Aratek\AppData\Roaming\Python\Python311\site-packages\sqlalchemy\util\_concurrency_py3k.py", line 132, in await_only
    return current.parent.switch(awaitable)  # type: ignore[no-any-return,attr-defined] # noqa: E501
           ^^^^^^^^^^^^^^^^^^^^^^^^^^^^^^^^
  File "C:\Users\Aratek\AppData\Roaming\Python\Python311\site-packages\sqlalchemy\util\_concurrency_py3k.py", line 196, in greenlet_spawn
    value = await result
            ^^^^^^^^^^^^
  File "C:\Users\Aratek\AppData\Roaming\Python\Python311\site-packages\sqlalchemy\dialects\postgresql\asyncpg.py", line 563, in _prepare_and_execute
    self._handle_exception(error)
  File "C:\Users\Aratek\AppData\Roaming\Python\Python311\site-packages\sqlalchemy\dialects\postgresql\asyncpg.py", line 513, in _handle_exception
    self._adapt_connection._handle_exception(error)
  File "C:\Users\Aratek\AppData\Roaming\Python\Python311\site-packages\sqlalchemy\dialects\postgresql\asyncpg.py", line 797, in _handle_exception
    raise translated_error from error
sqlalchemy.dialects.postgresql.asyncpg.AsyncAdapt_asyncpg_dbapi.ProgrammingError: <class 'asyncpg.exceptions.UndefinedTableError'>: relation "test_results" does not exist

The above exception was the direct cause of the following exception:

Traceback (most recent call last):
  File "D:\production_test_tool\app\services\test_result_service.py", line 70, in process_raw_test_result
    existing_record = await repository.get_by_serial_number(validated_data.serial_number)
                      ^^^^^^^^^^^^^^^^^^^^^^^^^^^^^^^^^^^^^^^^^^^^^^^^^^^^^^^^^^^^^^^^^^^
  File "D:\production_test_tool\app\repositories\test_result_repository.py", line 64, in get_by_serial_number
    result = await self.session.execute(stmt)
             ^^^^^^^^^^^^^^^^^^^^^^^^^^^^^^^^
  File "C:\Users\Aratek\AppData\Roaming\Python\Python311\site-packages\sqlalchemy\ext\asyncio\session.py", line 448, in execute
    result = await greenlet_spawn(
             ^^^^^^^^^^^^^^^^^^^^^
  File "C:\Users\Aratek\AppData\Roaming\Python\Python311\site-packages\sqlalchemy\util\_concurrency_py3k.py", line 201, in greenlet_spawn
    result = context.throw(*sys.exc_info())
             ^^^^^^^^^^^^^^^^^^^^^^^^^^^^^^
  File "C:\Users\Aratek\AppData\Roaming\Python\Python311\site-packages\sqlalchemy\orm\session.py", line 2372, in execute
    return self._execute_internal(
           ^^^^^^^^^^^^^^^^^^^^^^^
  File "C:\Users\Aratek\AppData\Roaming\Python\Python311\site-packages\sqlalchemy\orm\session.py", line 2270, in _execute_internal
    result: Result[Any] = compile_state_cls.orm_execute_statement(
                          ^^^^^^^^^^^^^^^^^^^^^^^^^^^^^^^^^^^^^^^^
  File "C:\Users\Aratek\AppData\Roaming\Python\Python311\site-packages\sqlalchemy\orm\context.py", line 306, in orm_execute_statement
    result = conn.execute(
             ^^^^^^^^^^^^^
  File "C:\Users\Aratek\AppData\Roaming\Python\Python311\site-packages\sqlalchemy\engine\base.py", line 1421, in execute
    return meth(
           ^^^^^
  File "C:\Users\Aratek\AppData\Roaming\Python\Python311\site-packages\sqlalchemy\sql\elements.py", line 526, in _execute_on_connection
    return connection._execute_clauseelement(
           ^^^^^^^^^^^^^^^^^^^^^^^^^^^^^^^^^^
  File "C:\Users\Aratek\AppData\Roaming\Python\Python311\site-packages\sqlalchemy\engine\base.py", line 1643, in _execute_clauseelement
    ret = self._execute_context(
          ^^^^^^^^^^^^^^^^^^^^^^
  File "C:\Users\Aratek\AppData\Roaming\Python\Python311\site-packages\sqlalchemy\engine\base.py", line 1848, in _execute_context
    return self._exec_single_context(
           ^^^^^^^^^^^^^^^^^^^^^^^^^^
  File "C:\Users\Aratek\AppData\Roaming\Python\Python311\site-packages\sqlalchemy\engine\base.py", line 1988, in _exec_single_context
    self._handle_dbapi_exception(
  File "C:\Users\Aratek\AppData\Roaming\Python\Python311\site-packages\sqlalchemy\engine\base.py", line 2365, in _handle_dbapi_exception
    raise sqlalchemy_exception.with_traceback(exc_info[2]) from e
  File "C:\Users\Aratek\AppData\Roaming\Python\Python311\site-packages\sqlalchemy\engine\base.py", line 1969, in _exec_single_context
    self.dialect.do_execute(
  File "C:\Users\Aratek\AppData\Roaming\Python\Python311\site-packages\sqlalchemy\engine\default.py", line 952, in do_execute
    cursor.execute(statement, parameters)
  File "C:\Users\Aratek\AppData\Roaming\Python\Python311\site-packages\sqlalchemy\dialects\postgresql\asyncpg.py", line 585, in execute
    self._adapt_connection.await_(
  File "C:\Users\Aratek\AppData\Roaming\Python\Python311\site-packages\sqlalchemy\util\_concurrency_py3k.py", line 132, in await_only
    return current.parent.switch(awaitable)  # type: ignore[no-any-return,attr-defined] # noqa: E501
           ^^^^^^^^^^^^^^^^^^^^^^^^^^^^^^^^
  File "C:\Users\Aratek\AppData\Roaming\Python\Python311\site-packages\sqlalchemy\util\_concurrency_py3k.py", line 196, in greenlet_spawn
    value = await result
            ^^^^^^^^^^^^
  File "C:\Users\Aratek\AppData\Roaming\Python\Python311\site-packages\sqlalchemy\dialects\postgresql\asyncpg.py", line 563, in _prepare_and_execute
    self._handle_exception(error)
  File "C:\Users\Aratek\AppData\Roaming\Python\Python311\site-packages\sqlalchemy\dialects\postgresql\asyncpg.py", line 513, in _handle_exception
    self._adapt_connection._handle_exception(error)
  File "C:\Users\Aratek\AppData\Roaming\Python\Python311\site-packages\sqlalchemy\dialects\postgresql\asyncpg.py", line 797, in _handle_exception
    raise translated_error from error
sqlalchemy.exc.ProgrammingError: (sqlalchemy.dialects.postgresql.asyncpg.ProgrammingError) <class 'asyncpg.exceptions.UndefinedTableError'>: relation "test_results" does not exist
[SQL: SELECT test_results.id, test_results.device_id, test_results.serial_number, test_results.operator, test_results.machine, test_results.firmware, test_results.result, test_results.execution_time, test_results.timestamp, test_results.raw_json, test_results.client_ip, test_results.received_at, test_results.created_at, test_results.updated_at 
FROM test_results 
WHERE test_results.serial_number = $1::VARCHAR ORDER BY test_results.received_at DESC 
 LIMIT $2::INTEGER]
[parameters: ('SN000001', 1)]
(Background on this error at: https://sqlalche.me/e/20/f405)
2026-06-18T17:40:44+0530 [INFO] [app.server.connections] [15632:MainThread] Client 127.0.0.1:56093 disconnected (EOF received)
2026-06-18T17:40:44+0530 [INFO] [app.server.connections] [15632:MainThread] Socket closed successfully for 127.0.0.1:56093
2026-06-18T17:46:08+0530 [INFO] [app] [15632:MainThread] Graceful shutdown initiated. Stopping TCP listener...
2026-06-18T17:46:08+0530 [INFO] [app] [15632:MainThread] TCP Listener stopped (no longer accepting new client sockets).
2026-06-18T17:46:08+0530 [INFO] [app] [15632:MainThread] Graceful shutdown complete. Server terminated.
2026-06-18T17:46:08+0530 [INFO] [app] [15632:MainThread] Disposing database connection pool...
2026-06-18T17:46:08+0530 [INFO] [app] [15632:MainThread] Database connection pool successfully disposed.
2026-06-18T17:46:14+0530 [INFO] [app] [6820:MainThread] Logging infrastructure successfully initialized.
2026-06-18T17:46:14+0530 [INFO] [app] [6820:MainThread] Initializing database connection engine...
2026-06-18T17:46:14+0530 [INFO] [app] [6820:MainThread] Database connection engine successfully initialized.
2026-06-18T17:46:14+0530 [INFO] [app] [6820:MainThread] Asynchronous TCP Server successfully initialized and listening on 0.0.0.0:5000
2026-06-18T17:46:31+0530 [INFO] [app.server.connections] [6820:MainThread] Client connected from 127.0.0.1:56174
2026-06-18T17:46:31+0530 [ERROR] [app] [6820:MainThread] Unhandled database error occurred: password authentication failed for user "postgres"
Traceback (most recent call last):
  File "D:\production_test_tool\app\services\test_result_service.py", line 70, in process_raw_test_result
    existing_record = await repository.get_by_serial_number(validated_data.serial_number)
                      ^^^^^^^^^^^^^^^^^^^^^^^^^^^^^^^^^^^^^^^^^^^^^^^^^^^^^^^^^^^^^^^^^^^
  File "D:\production_test_tool\app\repositories\test_result_repository.py", line 64, in get_by_serial_number
    result = await self.session.execute(stmt)
             ^^^^^^^^^^^^^^^^^^^^^^^^^^^^^^^^
  File "C:\Users\Aratek\AppData\Roaming\Python\Python311\site-packages\sqlalchemy\ext\asyncio\session.py", line 448, in execute
    result = await greenlet_spawn(
             ^^^^^^^^^^^^^^^^^^^^^
  File "C:\Users\Aratek\AppData\Roaming\Python\Python311\site-packages\sqlalchemy\util\_concurrency_py3k.py", line 201, in greenlet_spawn
    result = context.throw(*sys.exc_info())
             ^^^^^^^^^^^^^^^^^^^^^^^^^^^^^^
  File "C:\Users\Aratek\AppData\Roaming\Python\Python311\site-packages\sqlalchemy\orm\session.py", line 2372, in execute
    return self._execute_internal(
           ^^^^^^^^^^^^^^^^^^^^^^^
  File "C:\Users\Aratek\AppData\Roaming\Python\Python311\site-packages\sqlalchemy\orm\session.py", line 2260, in _execute_internal
    conn = self._connection_for_bind(bind)
           ^^^^^^^^^^^^^^^^^^^^^^^^^^^^^^^
  File "C:\Users\Aratek\AppData\Roaming\Python\Python311\site-packages\sqlalchemy\orm\session.py", line 2112, in _connection_for_bind
    return trans._connection_for_bind(engine, execution_options)
           ^^^^^^^^^^^^^^^^^^^^^^^^^^^^^^^^^^^^^^^^^^^^^^^^^^^^^
  File "<string>", line 2, in _connection_for_bind
  File "C:\Users\Aratek\AppData\Roaming\Python\Python311\site-packages\sqlalchemy\orm\state_changes.py", line 137, in _go
    ret_value = fn(self, *arg, **kw)
                ^^^^^^^^^^^^^^^^^^^^
  File "C:\Users\Aratek\AppData\Roaming\Python\Python311\site-packages\sqlalchemy\orm\session.py", line 1191, in _connection_for_bind
    conn = bind.connect()
           ^^^^^^^^^^^^^^
  File "C:\Users\Aratek\AppData\Roaming\Python\Python311\site-packages\sqlalchemy\engine\base.py", line 3295, in connect
    return self._connection_cls(self)
           ^^^^^^^^^^^^^^^^^^^^^^^^^^
  File "C:\Users\Aratek\AppData\Roaming\Python\Python311\site-packages\sqlalchemy\engine\base.py", line 144, in __init__
    self._dbapi_connection = engine.raw_connection()
                             ^^^^^^^^^^^^^^^^^^^^^^^
  File "C:\Users\Aratek\AppData\Roaming\Python\Python311\site-packages\sqlalchemy\engine\base.py", line 3319, in raw_connection
    return self.pool.connect()
           ^^^^^^^^^^^^^^^^^^^
  File "C:\Users\Aratek\AppData\Roaming\Python\Python311\site-packages\sqlalchemy\pool\base.py", line 448, in connect
    return _ConnectionFairy._checkout(self)
           ^^^^^^^^^^^^^^^^^^^^^^^^^^^^^^^^
  File "C:\Users\Aratek\AppData\Roaming\Python\Python311\site-packages\sqlalchemy\pool\base.py", line 1272, in _checkout
    fairy = _ConnectionRecord.checkout(pool)
            ^^^^^^^^^^^^^^^^^^^^^^^^^^^^^^^^
  File "C:\Users\Aratek\AppData\Roaming\Python\Python311\site-packages\sqlalchemy\pool\base.py", line 712, in checkout
    rec = pool._do_get()
          ^^^^^^^^^^^^^^
  File "C:\Users\Aratek\AppData\Roaming\Python\Python311\site-packages\sqlalchemy\pool\impl.py", line 178, in _do_get
    with util.safe_reraise():
  File "C:\Users\Aratek\AppData\Roaming\Python\Python311\site-packages\sqlalchemy\util\langhelpers.py", line 122, in __exit__
    raise exc_value.with_traceback(exc_tb)
  File "C:\Users\Aratek\AppData\Roaming\Python\Python311\site-packages\sqlalchemy\pool\impl.py", line 176, in _do_get
    return self._create_connection()
           ^^^^^^^^^^^^^^^^^^^^^^^^^
  File "C:\Users\Aratek\AppData\Roaming\Python\Python311\site-packages\sqlalchemy\pool\base.py", line 389, in _create_connection
    return _ConnectionRecord(self)
           ^^^^^^^^^^^^^^^^^^^^^^^
  File "C:\Users\Aratek\AppData\Roaming\Python\Python311\site-packages\sqlalchemy\pool\base.py", line 674, in __init__
    self.__connect()
  File "C:\Users\Aratek\AppData\Roaming\Python\Python311\site-packages\sqlalchemy\pool\base.py", line 900, in __connect
    with util.safe_reraise():
  File "C:\Users\Aratek\AppData\Roaming\Python\Python311\site-packages\sqlalchemy\util\langhelpers.py", line 122, in __exit__
    raise exc_value.with_traceback(exc_tb)
  File "C:\Users\Aratek\AppData\Roaming\Python\Python311\site-packages\sqlalchemy\pool\base.py", line 896, in __connect
    self.dbapi_connection = connection = pool._invoke_creator(self)
                                         ^^^^^^^^^^^^^^^^^^^^^^^^^^
  File "C:\Users\Aratek\AppData\Roaming\Python\Python311\site-packages\sqlalchemy\engine\create.py", line 667, in connect
    return dialect.connect(*cargs_tup, **cparams)
           ^^^^^^^^^^^^^^^^^^^^^^^^^^^^^^^^^^^^^^
  File "C:\Users\Aratek\AppData\Roaming\Python\Python311\site-packages\sqlalchemy\engine\default.py", line 630, in connect
    return self.loaded_dbapi.connect(*cargs, **cparams)  # type: ignore[no-any-return]  # NOQA: E501
           ^^^^^^^^^^^^^^^^^^^^^^^^^^^^^^^^^^^^^^^^^^^^
  File "C:\Users\Aratek\AppData\Roaming\Python\Python311\site-packages\sqlalchemy\dialects\postgresql\asyncpg.py", line 955, in connect
    await_only(creator_fn(*arg, **kw)),
    ^^^^^^^^^^^^^^^^^^^^^^^^^^^^^^^^^^
  File "C:\Users\Aratek\AppData\Roaming\Python\Python311\site-packages\sqlalchemy\util\_concurrency_py3k.py", line 132, in await_only
    return current.parent.switch(awaitable)  # type: ignore[no-any-return,attr-defined] # noqa: E501
           ^^^^^^^^^^^^^^^^^^^^^^^^^^^^^^^^
  File "C:\Users\Aratek\AppData\Roaming\Python\Python311\site-packages\sqlalchemy\util\_concurrency_py3k.py", line 196, in greenlet_spawn
    value = await result
            ^^^^^^^^^^^^
  File "C:\Users\Aratek\AppData\Roaming\Python\Python311\site-packages\asyncpg\connection.py", line 2443, in connect
    return await connect_utils._connect(
           ^^^^^^^^^^^^^^^^^^^^^^^^^^^^^
  File "C:\Users\Aratek\AppData\Roaming\Python\Python311\site-packages\asyncpg\connect_utils.py", line 1218, in _connect
    conn = await _connect_addr(
           ^^^^^^^^^^^^^^^^^^^^
  File "C:\Users\Aratek\AppData\Roaming\Python\Python311\site-packages\asyncpg\connect_utils.py", line 1054, in _connect_addr
    return await __connect_addr(params, True, *args)
           ^^^^^^^^^^^^^^^^^^^^^^^^^^^^^^^^^^^^^^^^^
  File "C:\Users\Aratek\AppData\Roaming\Python\Python311\site-packages\asyncpg\connect_utils.py", line 1102, in __connect_addr
    await connected
asyncpg.exceptions.InvalidPasswordError: password authentication failed for user "postgres"
2026-06-18T17:46:31+0530 [INFO] [app.server.connections] [6820:MainThread] Client 127.0.0.1:56174 disconnected (EOF received)
2026-06-18T17:46:31+0530 [INFO] [app.server.connections] [6820:MainThread] Socket closed successfully for 127.0.0.1:56174
2026-06-18T17:48:40+0530 [INFO] [app] [6820:MainThread] Graceful shutdown initiated. Stopping TCP listener...
2026-06-18T17:48:40+0530 [INFO] [app] [6820:MainThread] TCP Listener stopped (no longer accepting new client sockets).
2026-06-18T17:48:40+0530 [INFO] [app] [6820:MainThread] Graceful shutdown complete. Server terminated.
2026-06-18T17:48:40+0530 [INFO] [app] [6820:MainThread] Disposing database connection pool...
2026-06-18T17:48:40+0530 [INFO] [app] [6820:MainThread] Database connection pool successfully disposed.
2026-06-18T18:05:26+0530 [INFO] [app] [13308:MainThread] Logging infrastructure successfully initialized.
2026-06-18T18:05:26+0530 [INFO] [app] [13308:MainThread] ============================================================
2026-06-18T18:05:26+0530 [INFO] [app] [13308:MainThread] Production Test Management System
2026-06-18T18:05:26+0530 [INFO] [app] [13308:MainThread] PID: 13308 | Host: 0.0.0.0 | Port: 5000
2026-06-18T18:05:26+0530 [INFO] [app] [13308:MainThread] ============================================================
2026-06-18T18:05:26+0530 [INFO] [app] [13308:MainThread] Initializing database connection engine...
2026-06-18T18:05:26+0530 [INFO] [app] [13308:MainThread] Database connection engine successfully initialized.
2026-06-18T18:05:26+0530 [INFO] [app] [13308:MainThread] Running schema provisioning (CREATE TABLE IF NOT EXISTS)...
2026-06-18T18:14:59+0530 [INFO] [app] [9904:MainThread] Logging infrastructure successfully initialized.
2026-06-18T18:14:59+0530 [INFO] [app] [9904:MainThread] ============================================================
2026-06-18T18:14:59+0530 [INFO] [app] [9904:MainThread] Production Test Management System
2026-06-18T18:14:59+0530 [INFO] [app] [9904:MainThread] PID: 9904 | Host: 0.0.0.0 | Port: 5000
2026-06-18T18:14:59+0530 [INFO] [app] [9904:MainThread] ============================================================
2026-06-18T18:14:59+0530 [INFO] [app] [9904:MainThread] Initializing database connection engine...
2026-06-18T18:14:59+0530 [INFO] [app] [9904:MainThread] Database connection engine successfully initialized.
2026-06-18T18:14:59+0530 [INFO] [app] [9904:MainThread] Running schema provisioning (CREATE TABLE IF NOT EXISTS)...
2026-06-18T18:15:01+0530 [INFO] [app] [9904:MainThread] Schema provisioning complete. All tables are ready.
2026-06-18T18:15:01+0530 [INFO] [app] [9904:MainThread] [PID:9904] Binding TCP server on 0.0.0.0:5000...
2026-06-18T18:15:01+0530 [INFO] [app] [9904:MainThread] [PID:9904] TCP Server socket bound and listening on 0.0.0.0:5000 (max_packet=1048576 bytes, max_connections=1000, timeout=30.0s)
2026-06-18T18:15:21+0530 [INFO] [app.server.connections] [9904:MainThread] [PID:9904] Client connected: 127.0.0.1:56461
2026-06-18T18:15:21+0530 [INFO] [app.server.connections] [9904:MainThread] Received 267 bytes from 127.0.0.1:56461
2026-06-18T18:15:21+0530 [INFO] [app] [9904:MainThread] Record staged in session database transaction (ID: 78ceebae-5e07-4517-8fa8-cf40adc1dc9a)
2026-06-18T18:15:21+0530 [INFO] [app] [9904:MainThread] Record successfully saved. Device: DEV001 (SN: SN000001) ID: 78ceebae-5e07-4517-8fa8-cf40adc1dc9a
2026-06-18T18:15:21+0530 [INFO] [app.server.connections] [9904:MainThread] Sending ACK to 127.0.0.1:56461
2026-06-18T18:15:21+0530 [INFO] [app.server.connections] [9904:MainThread] Client 127.0.0.1:56461 disconnected (EOF received)
2026-06-18T18:15:21+0530 [INFO] [app.server.connections] [9904:MainThread] Socket released for 127.0.0.1:56461
2026-06-18T18:25:56+0530 [INFO] [app.server.connections] [9904:MainThread] [PID:9904] Client connected: 127.0.0.1:56596
2026-06-18T18:25:56+0530 [INFO] [app.server.connections] [9904:MainThread] Received 267 bytes from 127.0.0.1:56596
2026-06-18T18:25:56+0530 [WARNING] [app] [9904:MainThread] Business rule rejection: serial 'SN000001' has already logged a PASS status.
2026-06-18T18:25:56+0530 [INFO] [app.server.connections] [9904:MainThread] Sending ACK to 127.0.0.1:56596
2026-06-18T18:25:56+0530 [INFO] [app.server.connections] [9904:MainThread] Client 127.0.0.1:56596 disconnected (EOF received)
2026-06-18T18:25:56+0530 [INFO] [app.server.connections] [9904:MainThread] Socket released for 127.0.0.1:56596
2026-06-18T18:26:47+0530 [INFO] [app.server.connections] [9904:MainThread] [PID:9904] Client connected: 127.0.0.1:56607
2026-06-18T18:26:47+0530 [INFO] [app.server.connections] [9904:MainThread] Received 267 bytes from 127.0.0.1:56607
2026-06-18T18:26:47+0530 [WARNING] [app] [9904:MainThread] Business rule rejection: serial 'SN000001' has already logged a PASS status.
2026-06-18T18:26:47+0530 [INFO] [app.server.connections] [9904:MainThread] Sending ACK to 127.0.0.1:56607
2026-06-18T18:26:47+0530 [INFO] [app.server.connections] [9904:MainThread] Client 127.0.0.1:56607 disconnected (EOF received)
2026-06-18T18:26:47+0530 [INFO] [app.server.connections] [9904:MainThread] Socket released for 127.0.0.1:56607
2026-06-18T18:31:42+0530 [INFO] [app.server.connections] [9904:MainThread] [PID:9904] Client connected: 127.0.0.1:56664
2026-06-18T18:31:42+0530 [INFO] [app.server.connections] [9904:MainThread] Received 267 bytes from 127.0.0.1:56664
2026-06-18T18:31:42+0530 [WARNING] [app] [9904:MainThread] Business rule rejection: serial 'SN000001' has already logged a PASS status.
2026-06-18T18:31:42+0530 [INFO] [app.server.connections] [9904:MainThread] Sending ACK to 127.0.0.1:56664
2026-06-18T18:31:42+0530 [INFO] [app.server.connections] [9904:MainThread] Client 127.0.0.1:56664 disconnected (EOF received)
2026-06-18T18:31:42+0530 [INFO] [app.server.connections] [9904:MainThread] Socket released for 127.0.0.1:56664
2026-06-18T18:32:36+0530 [INFO] [app.server.connections] [9904:MainThread] [PID:9904] Client connected: 127.0.0.1:56682
2026-06-18T18:32:36+0530 [INFO] [app.server.connections] [9904:MainThread] Received 267 bytes from 127.0.0.1:56682
2026-06-18T18:32:36+0530 [INFO] [app] [9904:MainThread] Record staged in session database transaction (ID: e972f57e-b8ef-4437-9b4c-77496d2fb119)
2026-06-18T18:32:36+0530 [INFO] [app] [9904:MainThread] Record successfully saved. Device: DEV001 (SN: SN000002) ID: e972f57e-b8ef-4437-9b4c-77496d2fb119
2026-06-18T18:32:36+0530 [INFO] [app.server.connections] [9904:MainThread] Sending ACK to 127.0.0.1:56682
2026-06-18T18:32:36+0530 [INFO] [app.server.connections] [9904:MainThread] Client 127.0.0.1:56682 disconnected (EOF received)
2026-06-18T18:32:36+0530 [INFO] [app.server.connections] [9904:MainThread] Socket released for 127.0.0.1:56682
2026-06-18T18:32:58+0530 [INFO] [app.server.connections] [9904:MainThread] [PID:9904] Client connected: 127.0.0.1:56693
2026-06-18T18:32:58+0530 [INFO] [app.server.connections] [9904:MainThread] Received 267 bytes from 127.0.0.1:56693
2026-06-18T18:32:58+0530 [INFO] [app] [9904:MainThread] Record staged in session database transaction (ID: a8888d5b-9fe3-49fc-8acb-d9a2ff0ff469)
2026-06-18T18:32:58+0530 [INFO] [app] [9904:MainThread] Record successfully saved. Device: DEV001 (SN: SN000003) ID: a8888d5b-9fe3-49fc-8acb-d9a2ff0ff469
2026-06-18T18:32:58+0530 [INFO] [app.server.connections] [9904:MainThread] Sending ACK to 127.0.0.1:56693
2026-06-18T18:32:58+0530 [INFO] [app.server.connections] [9904:MainThread] Client 127.0.0.1:56693 disconnected (EOF received)
2026-06-18T18:32:58+0530 [INFO] [app.server.connections] [9904:MainThread] Socket released for 127.0.0.1:56693
2026-06-18T19:35:18+0530 [INFO] [app] [9728:MainThread] Logging infrastructure successfully initialized.
2026-06-18T19:35:18+0530 [INFO] [app] [9728:MainThread] ============================================================
2026-06-18T19:35:18+0530 [INFO] [app] [9728:MainThread] Production Test Management System
2026-06-18T19:35:18+0530 [INFO] [app] [9728:MainThread] PID: 9728 | Host: 0.0.0.0 | Port: 5000
2026-06-18T19:35:18+0530 [INFO] [app] [9728:MainThread] ============================================================
2026-06-18T19:35:18+0530 [INFO] [app] [9728:MainThread] Initializing database connection engine...
2026-06-18T19:35:18+0530 [INFO] [app] [9728:MainThread] Database connection engine successfully initialized.
2026-06-18T19:35:18+0530 [INFO] [app] [9728:MainThread] Running schema provisioning (CREATE TABLE IF NOT EXISTS)...
2026-06-18T19:35:18+0530 [INFO] [app] [9728:MainThread] Schema provisioning complete. All tables are ready.
2026-06-18T19:35:18+0530 [INFO] [app] [9728:MainThread] [PID:9728] Binding TCP server on 0.0.0.0:5000...
2026-06-18T19:35:18+0530 [INFO] [app] [9728:MainThread] [PID:9728] TCP Server socket bound and listening on 0.0.0.0:5000 (max_packet=1048576 bytes, max_connections=1000, timeout=30.0s)
2026-06-18T19:39:05+0530 [INFO] [app] [9728:MainThread] [PID:9728] Graceful shutdown initiated. Active connections: 0
2026-06-18T19:39:05+0530 [INFO] [app] [9728:MainThread] TCP listener socket closed — no longer accepting connections.
2026-06-18T19:39:05+0530 [INFO] [app] [9728:MainThread] [PID:9728] Shutdown complete. Remaining asyncio tasks in loop: 2
2026-06-18T19:39:05+0530 [INFO] [app] [9728:MainThread] Disposing database connection pool...
2026-06-18T19:39:05+0530 [INFO] [app] [9728:MainThread] Database connection pool successfully disposed.
2026-06-18T19:39:05+0530 [INFO] [app] [9728:MainThread] Server process PID:9728 fully terminated.
